2026-02-10 13:49:27,564 - __main__ - INFO - Starting PhilGEPS Scraper Pipeline at 2026-02-10 13:49:27.564400
2026-02-10 13:49:27,564 - __main__ - INFO - Validating environment...
2026-02-10 13:49:29,874 - __main__ - WARNING - Missing packages: ['beautifulsoup4']
2026-02-10 13:49:29,875 - __main__ - WARNING - Please install missing packages with: pip install beautifulsoup4
2026-02-10 13:49:29,875 - __main__ - INFO - Environment validation completed
2026-02-10 13:49:29,875 - __main__ - INFO - ============================================================
2026-02-10 13:49:29,875 - __main__ - INFO - STARTING PHILGEPS SCRAPER
2026-02-10 13:49:29,875 - __main__ - INFO - ============================================================
2026-02-10 13:49:29,875 - __main__ - INFO - Running command: C:\Users\OPTIMA\AppData\Local\Python\pythoncore-3.14-64\python.exe C:\Users\OPTIMA\Documents\IT\PROJECTS\Philgeps ScraperV2\final_working_scraper.py --output output/raw/philgeps_final_working.csv --delay 0.5
2026-02-10 13:57:59,118 - __main__ - INFO - Scraper stdout:
2026-02-10 13:57:59,118 - __main__ - INFO -   Starting final working scraper to collect all 148+ entries...
2026-02-10 13:57:59,118 - __main__ - INFO -   Navigating to: https://notices.philgeps.gov.ph/GEPSNONPILOT/Tender/SplashOpportunitiesSearchUI.aspx?menuIndex=3&BusCatID=29&type=category&ClickFrom=OpenOpp
2026-02-10 13:57:59,118 - __main__ - INFO -   Processing page 1...
2026-02-10 13:57:59,118 - __main__ - INFO -   Found 20 NEW links on page 1
2026-02-10 13:57:59,118 - __main__ - INFO -   Total unique links so far: 20
2026-02-10 13:57:59,118 - __main__ - INFO -   Clicking Next button for page 2
2026-02-10 13:57:59,118 - __main__ - INFO -   Processing page 2...
2026-02-10 13:57:59,119 - __main__ - INFO -   Found 20 NEW links on page 2
2026-02-10 13:57:59,119 - __main__ - INFO -   Total unique links so far: 40
2026-02-10 13:57:59,119 - __main__ - INFO -   Clicking Next button for page 3
2026-02-10 13:57:59,119 - __main__ - INFO -   Processing page 3...
2026-02-10 13:57:59,119 - __main__ - INFO -   Found 20 NEW links on page 3
2026-02-10 13:57:59,119 - __main__ - INFO -   Total unique links so far: 60
2026-02-10 13:57:59,119 - __main__ - INFO -   Clicking Next button for page 4
2026-02-10 13:57:59,119 - __main__ - INFO -   Processing page 4...
2026-02-10 13:57:59,119 - __main__ - INFO -   Found 20 NEW links on page 4
2026-02-10 13:57:59,119 - __main__ - INFO -   Total unique links so far: 80
2026-02-10 13:57:59,120 - __main__ - INFO -   Clicking Next button for page 5
2026-02-10 13:57:59,120 - __main__ - INFO -   Processing page 5...
2026-02-10 13:57:59,120 - __main__ - INFO -   Found 20 NEW links on page 5
2026-02-10 13:57:59,120 - __main__ - INFO -   Total unique links so far: 100
2026-02-10 13:57:59,120 - __main__ - INFO -   Clicking Next button for page 6
2026-02-10 13:57:59,120 - __main__ - INFO -   Processing page 6...
2026-02-10 13:57:59,120 - __main__ - INFO -   Found 11 NEW links on page 6
2026-02-10 13:57:59,120 - __main__ - INFO -   Total unique links so far: 111
2026-02-10 13:57:59,120 - __main__ - INFO -   Clicking Next button for page 7
2026-02-10 13:57:59,120 - __main__ - INFO -   Processing page 7...
2026-02-10 13:57:59,120 - __main__ - INFO -   Found 0 NEW links on page 7
2026-02-10 13:57:59,120 - __main__ - INFO -   Total unique links so far: 111
2026-02-10 13:57:59,121 - __main__ - INFO -   [WARNING]  No new links found on page 7. Page might not have changed.
2026-02-10 13:57:59,121 - __main__ - INFO -   Breaking pagination - no new links found (likely reached end or pagination stuck)
2026-02-10 13:57:59,121 - __main__ - INFO -   
2026-02-10 13:57:59,121 - __main__ - INFO -   Scraping completed:
2026-02-10 13:57:59,121 - __main__ - INFO -   Total pages processed: 7
2026-02-10 13:57:59,121 - __main__ - INFO -   Total links collected: 111
2026-02-10 13:57:59,121 - __main__ - INFO -   Unique links after deduplication: 111
2026-02-10 13:57:59,121 - __main__ - INFO -   Duplicate links removed: 0
2026-02-10 13:57:59,121 - __main__ - INFO -   
2026-02-10 13:57:59,121 - __main__ - INFO -   Scraping 111 detail pages...
2026-02-10 13:57:59,121 - __main__ - INFO -   Processing 1/111: https://notices.philgeps.gov.ph/GEPSNONPILOT/Tender/SplashBidNoticeAbstractUI.aspx?menuIndex=3&refID=12765885&DirectFrom=OpenOpp&Type=category&BusCatID=29
2026-02-10 13:57:59,121 - __main__ - INFO -   Processing 2/111: https://notices.philgeps.gov.ph/GEPSNONPILOT/Tender/SplashBidNoticeAbstractUI.aspx?menuIndex=3&refID=12765972&DirectFrom=OpenOpp&Type=category&BusCatID=29
2026-02-10 13:57:59,121 - __main__ - INFO -   Processing 3/111: https://notices.philgeps.gov.ph/GEPSNONPILOT/Tender/SplashBidNoticeAbstractUI.aspx?menuIndex=3&refID=12768061&DirectFrom=OpenOpp&Type=category&BusCatID=29
2026-02-10 13:57:59,122 - __main__ - INFO -   Processing 4/111: https://notices.philgeps.gov.ph/GEPSNONPILOT/Tender/SplashBidNoticeAbstractUI.aspx?menuIndex=3&refID=12768124&DirectFrom=OpenOpp&Type=category&BusCatID=29
2026-02-10 13:57:59,122 - __main__ - INFO -   Processing 5/111: https://notices.philgeps.gov.ph/GEPSNONPILOT/Tender/SplashBidNoticeAbstractUI.aspx?menuIndex=3&refID=12768427&DirectFrom=OpenOpp&Type=category&BusCatID=29
2026-02-10 13:57:59,122 - __main__ - INFO -   Processing 6/111: https://notices.philgeps.gov.ph/GEPSNONPILOT/Tender/SplashBidNoticeAbstractUI.aspx?menuIndex=3&refID=12768446&DirectFrom=OpenOpp&Type=category&BusCatID=29
2026-02-10 13:57:59,122 - __main__ - INFO -   Processing 7/111: https://notices.philgeps.gov.ph/GEPSNONPILOT/Tender/SplashBidNoticeAbstractUI.aspx?menuIndex=3&refID=12768623&DirectFrom=OpenOpp&Type=category&BusCatID=29
2026-02-10 13:57:59,122 - __main__ - INFO -   Processing 8/111: https://notices.philgeps.gov.ph/GEPSNONPILOT/Tender/SplashBidNoticeAbstractUI.aspx?menuIndex=3&refID=12768716&DirectFrom=OpenOpp&Type=category&BusCatID=29
2026-02-10 13:57:59,122 - __main__ - INFO -   Processing 9/111: https://notices.philgeps.gov.ph/GEPSNONPILOT/Tender/SplashBidNoticeAbstractUI.aspx?menuIndex=3&refID=12768720&DirectFrom=OpenOpp&Type=category&BusCatID=29
2026-02-10 13:57:59,122 - __main__ - INFO -   Processing 10/111: https://notices.philgeps.gov.ph/GEPSNONPILOT/Tender/SplashBidNoticeAbstractUI.aspx?menuIndex=3&refID=12768728&DirectFrom=OpenOpp&Type=category&BusCatID=29
2026-02-10 13:57:59,122 - __main__ - INFO -   Processing 11/111: https://notices.philgeps.gov.ph/GEPSNONPILOT/Tender/SplashBidNoticeAbstractUI.aspx?menuIndex=3&refID=12769083&DirectFrom=OpenOpp&Type=category&BusCatID=29
2026-02-10 13:57:59,122 - __main__ - INFO -   Processing 12/111: https://notices.philgeps.gov.ph/GEPSNONPILOT/Tender/SplashBidNoticeAbstractUI.aspx?menuIndex=3&refID=12769091&DirectFrom=OpenOpp&Type=category&BusCatID=29
2026-02-10 13:57:59,123 - __main__ - INFO -   Processing 13/111: https://notices.philgeps.gov.ph/GEPSNONPILOT/Tender/SplashBidNoticeAbstractUI.aspx?menuIndex=3&refID=12769127&DirectFrom=OpenOpp&Type=category&BusCatID=29
2026-02-10 13:57:59,123 - __main__ - INFO -   Processing 14/111: https://notices.philgeps.gov.ph/GEPSNONPILOT/Tender/SplashBidNoticeAbstractUI.aspx?menuIndex=3&refID=12769136&DirectFrom=OpenOpp&Type=category&BusCatID=29
2026-02-10 13:57:59,123 - __main__ - INFO -   Processing 15/111: https://notices.philgeps.gov.ph/GEPSNONPILOT/Tender/SplashBidNoticeAbstractUI.aspx?menuIndex=3&refID=12769215&DirectFrom=OpenOpp&Type=category&BusCatID=29
2026-02-10 13:57:59,123 - __main__ - INFO -   Processing 16/111: https://notices.philgeps.gov.ph/GEPSNONPILOT/Tender/SplashBidNoticeAbstractUI.aspx?menuIndex=3&refID=12769223&DirectFrom=OpenOpp&Type=category&BusCatID=29
2026-02-10 13:57:59,123 - __main__ - INFO -   Processing 17/111: https://notices.philgeps.gov.ph/GEPSNONPILOT/Tender/SplashBidNoticeAbstractUI.aspx?menuIndex=3&refID=12769294&DirectFrom=OpenOpp&Type=category&BusCatID=29
2026-02-10 13:57:59,123 - __main__ - INFO -   Processing 18/111: https://notices.philgeps.gov.ph/GEPSNONPILOT/Tender/SplashBidNoticeAbstractUI.aspx?menuIndex=3&refID=12769306&DirectFrom=OpenOpp&Type=category&BusCatID=29
2026-02-10 13:57:59,123 - __main__ - INFO -   Processing 19/111: https://notices.philgeps.gov.ph/GEPSNONPILOT/Tender/SplashBidNoticeAbstractUI.aspx?menuIndex=3&refID=12769392&DirectFrom=OpenOpp&Type=category&BusCatID=29
2026-02-10 13:57:59,124 - __main__ - INFO -   Processing 20/111: https://notices.philgeps.gov.ph/GEPSNONPILOT/Tender/SplashBidNoticeAbstractUI.aspx?menuIndex=3&refID=12769624&DirectFrom=OpenOpp&Type=category&BusCatID=29
2026-02-10 13:57:59,124 - __main__ - INFO -   Processing 21/111: https://notices.philgeps.gov.ph/GEPSNONPILOT/Tender/SplashBidNoticeAbstractUI.aspx?menuIndex=3&refID=12769646&DirectFrom=OpenOpp&Type=category&BusCatID=29
2026-02-10 13:57:59,124 - __main__ - INFO -   Processing 22/111: https://notices.philgeps.gov.ph/GEPSNONPILOT/Tender/SplashBidNoticeAbstractUI.aspx?menuIndex=3&refID=12769721&DirectFrom=OpenOpp&Type=category&BusCatID=29
2026-02-10 13:57:59,124 - __main__ - INFO -   Processing 23/111: https://notices.philgeps.gov.ph/GEPSNONPILOT/Tender/SplashBidNoticeAbstractUI.aspx?menuIndex=3&refID=12769730&DirectFrom=OpenOpp&Type=category&BusCatID=29
2026-02-10 13:57:59,124 - __main__ - INFO -   Processing 24/111: https://notices.philgeps.gov.ph/GEPSNONPILOT/Tender/SplashBidNoticeAbstractUI.aspx?menuIndex=3&refID=12769808&DirectFrom=OpenOpp&Type=category&BusCatID=29
2026-02-10 13:57:59,124 - __main__ - INFO -   Processing 25/111: https://notices.philgeps.gov.ph/GEPSNONPILOT/Tender/SplashBidNoticeAbstractUI.aspx?menuIndex=3&refID=12769921&DirectFrom=OpenOpp&Type=category&BusCatID=29
2026-02-10 13:57:59,124 - __main__ - INFO -   Processing 26/111: https://notices.philgeps.gov.ph/GEPSNONPILOT/Tender/SplashBidNoticeAbstractUI.aspx?menuIndex=3&refID=12770074&DirectFrom=OpenOpp&Type=category&BusCatID=29
2026-02-10 13:57:59,125 - __main__ - INFO -   Processing 27/111: https://notices.philgeps.gov.ph/GEPSNONPILOT/Tender/SplashBidNoticeAbstractUI.aspx?menuIndex=3&refID=12770157&DirectFrom=OpenOpp&Type=category&BusCatID=29
2026-02-10 13:57:59,125 - __main__ - INFO -   Processing 28/111: https://notices.philgeps.gov.ph/GEPSNONPILOT/Tender/SplashBidNoticeAbstractUI.aspx?menuIndex=3&refID=12770162&DirectFrom=OpenOpp&Type=category&BusCatID=29
2026-02-10 13:57:59,125 - __main__ - INFO -   Processing 29/111: https://notices.philgeps.gov.ph/GEPSNONPILOT/Tender/SplashBidNoticeAbstractUI.aspx?menuIndex=3&refID=12770226&DirectFrom=OpenOpp&Type=category&BusCatID=29
2026-02-10 13:57:59,125 - __main__ - INFO -   Processing 30/111: https://notices.philgeps.gov.ph/GEPSNONPILOT/Tender/SplashBidNoticeAbstractUI.aspx?menuIndex=3&refID=12770375&DirectFrom=OpenOpp&Type=category&BusCatID=29
2026-02-10 13:57:59,125 - __main__ - INFO -   Processing 31/111: https://notices.philgeps.gov.ph/GEPSNONPILOT/Tender/SplashBidNoticeAbstractUI.aspx?menuIndex=3&refID=12770431&DirectFrom=OpenOpp&Type=category&BusCatID=29
2026-02-10 13:57:59,125 - __main__ - INFO -   Processing 32/111: https://notices.philgeps.gov.ph/GEPSNONPILOT/Tender/SplashBidNoticeAbstractUI.aspx?menuIndex=3&refID=12770439&DirectFrom=OpenOpp&Type=category&BusCatID=29
2026-02-10 13:57:59,126 - __main__ - INFO -   Processing 33/111: https://notices.philgeps.gov.ph/GEPSNONPILOT/Tender/SplashBidNoticeAbstractUI.aspx?menuIndex=3&refID=12763306&DirectFrom=OpenOpp&Type=category&BusCatID=29
2026-02-10 13:57:59,126 - __main__ - INFO -   Processing 34/111: https://notices.philgeps.gov.ph/GEPSNONPILOT/Tender/SplashBidNoticeAbstractUI.aspx?menuIndex=3&refID=12765519&DirectFrom=OpenOpp&Type=category&BusCatID=29
2026-02-10 13:57:59,126 - __main__ - INFO -   Processing 35/111: https://notices.philgeps.gov.ph/GEPSNONPILOT/Tender/SplashBidNoticeAbstractUI.aspx?menuIndex=3&refID=12765592&DirectFrom=OpenOpp&Type=category&BusCatID=29
2026-02-10 13:57:59,126 - __main__ - INFO -   Processing 36/111: https://notices.philgeps.gov.ph/GEPSNONPILOT/Tender/SplashBidNoticeAbstractUI.aspx?menuIndex=3&refID=12766142&DirectFrom=OpenOpp&Type=category&BusCatID=29
2026-02-10 13:57:59,126 - __main__ - INFO -   Processing 37/111: https://notices.philgeps.gov.ph/GEPSNONPILOT/Tender/SplashBidNoticeAbstractUI.aspx?menuIndex=3&refID=12766297&DirectFrom=OpenOpp&Type=category&BusCatID=29
2026-02-10 13:57:59,126 - __main__ - INFO -   Processing 38/111: https://notices.philgeps.gov.ph/GEPSNONPILOT/Tender/SplashBidNoticeAbstractUI.aspx?menuIndex=3&refID=12766642&DirectFrom=OpenOpp&Type=category&BusCatID=29
2026-02-10 13:57:59,126 - __main__ - INFO -   Processing 39/111: https://notices.philgeps.gov.ph/GEPSNONPILOT/Tender/SplashBidNoticeAbstractUI.aspx?menuIndex=3&refID=12766769&DirectFrom=OpenOpp&Type=category&BusCatID=29
2026-02-10 13:57:59,126 - __main__ - INFO -   Processing 40/111: https://notices.philgeps.gov.ph/GEPSNONPILOT/Tender/SplashBidNoticeAbstractUI.aspx?menuIndex=3&refID=12767056&DirectFrom=OpenOpp&Type=category&BusCatID=29
2026-02-10 13:57:59,127 - __main__ - INFO -   Processing 41/111: https://notices.philgeps.gov.ph/GEPSNONPILOT/Tender/SplashBidNoticeAbstractUI.aspx?menuIndex=3&refID=12767100&DirectFrom=OpenOpp&Type=category&BusCatID=29
2026-02-10 13:57:59,127 - __main__ - INFO -   Processing 42/111: https://notices.philgeps.gov.ph/GEPSNONPILOT/Tender/SplashBidNoticeAbstractUI.aspx?menuIndex=3&refID=12767769&DirectFrom=OpenOpp&Type=category&BusCatID=29
2026-02-10 13:57:59,127 - __main__ - INFO -   Processing 43/111: https://notices.philgeps.gov.ph/GEPSNONPILOT/Tender/SplashBidNoticeAbstractUI.aspx?menuIndex=3&refID=12767404&DirectFrom=OpenOpp&Type=category&BusCatID=29
2026-02-10 13:57:59,127 - __main__ - INFO -   Processing 44/111: https://notices.philgeps.gov.ph/GEPSNONPILOT/Tender/SplashBidNoticeAbstractUI.aspx?menuIndex=3&refID=12767418&DirectFrom=OpenOpp&Type=category&BusCatID=29
2026-02-10 13:57:59,127 - __main__ - INFO -   Processing 45/111: https://notices.philgeps.gov.ph/GEPSNONPILOT/Tender/SplashBidNoticeAbstractUI.aspx?menuIndex=3&refID=12767532&DirectFrom=OpenOpp&Type=category&BusCatID=29
2026-02-10 13:57:59,127 - __main__ - INFO -   Processing 46/111: https://notices.philgeps.gov.ph/GEPSNONPILOT/Tender/SplashBidNoticeAbstractUI.aspx?menuIndex=3&refID=12767533&DirectFrom=OpenOpp&Type=category&BusCatID=29
2026-02-10 13:57:59,127 - __main__ - INFO -   Processing 47/111: https://notices.philgeps.gov.ph/GEPSNONPILOT/Tender/SplashBidNoticeAbstractUI.aspx?menuIndex=3&refID=12765245&DirectFrom=OpenOpp&Type=category&BusCatID=29
2026-02-10 13:57:59,127 - __main__ - INFO -   Processing 48/111: https://notices.philgeps.gov.ph/GEPSNONPILOT/Tender/SplashBidNoticeAbstractUI.aspx?menuIndex=3&refID=12765425&DirectFrom=OpenOpp&Type=category&BusCatID=29
2026-02-10 13:57:59,128 - __main__ - INFO -   Processing 49/111: https://notices.philgeps.gov.ph/GEPSNONPILOT/Tender/SplashBidNoticeAbstractUI.aspx?menuIndex=3&refID=12765471&DirectFrom=OpenOpp&Type=category&BusCatID=29
2026-02-10 13:57:59,128 - __main__ - INFO -   Processing 50/111: https://notices.philgeps.gov.ph/GEPSNONPILOT/Tender/SplashBidNoticeAbstractUI.aspx?menuIndex=3&refID=12765499&DirectFrom=OpenOpp&Type=category&BusCatID=29
2026-02-10 13:57:59,128 - __main__ - INFO -   Processing 51/111: https://notices.philgeps.gov.ph/GEPSNONPILOT/Tender/SplashBidNoticeAbstractUI.aspx?menuIndex=3&refID=12765783&DirectFrom=OpenOpp&Type=category&BusCatID=29
2026-02-10 13:57:59,128 - __main__ - INFO -   Processing 52/111: https://notices.philgeps.gov.ph/GEPSNONPILOT/Tender/SplashBidNoticeAbstractUI.aspx?menuIndex=3&refID=12766117&DirectFrom=OpenOpp&Type=category&BusCatID=29
2026-02-10 13:57:59,128 - __main__ - INFO -   Processing 53/111: https://notices.philgeps.gov.ph/GEPSNONPILOT/Tender/SplashBidNoticeAbstractUI.aspx?menuIndex=3&refID=12766206&DirectFrom=OpenOpp&Type=category&BusCatID=29
2026-02-10 13:57:59,128 - __main__ - INFO -   Processing 54/111: https://notices.philgeps.gov.ph/GEPSNONPILOT/Tender/SplashBidNoticeAbstractUI.aspx?menuIndex=3&refID=12766775&DirectFrom=OpenOpp&Type=category&BusCatID=29
2026-02-10 13:57:59,128 - __main__ - INFO -   Processing 55/111: https://notices.philgeps.gov.ph/GEPSNONPILOT/Tender/SplashBidNoticeAbstractUI.aspx?menuIndex=3&refID=12766852&DirectFrom=OpenOpp&Type=category&BusCatID=29
2026-02-10 13:57:59,129 - __main__ - INFO -   Processing 56/111: https://notices.philgeps.gov.ph/GEPSNONPILOT/Tender/SplashBidNoticeAbstractUI.aspx?menuIndex=3&refID=12767092&DirectFrom=OpenOpp&Type=category&BusCatID=29
2026-02-10 13:57:59,129 - __main__ - INFO -   Processing 57/111: https://notices.philgeps.gov.ph/GEPSNONPILOT/Tender/SplashBidNoticeAbstractUI.aspx?menuIndex=3&refID=12767127&DirectFrom=OpenOpp&Type=category&BusCatID=29
2026-02-10 13:57:59,129 - __main__ - INFO -   Processing 58/111: https://notices.philgeps.gov.ph/GEPSNONPILOT/Tender/SplashBidNoticeAbstractUI.aspx?menuIndex=3&refID=12767143&DirectFrom=OpenOpp&Type=category&BusCatID=29
2026-02-10 13:57:59,129 - __main__ - INFO -   Processing 59/111: https://notices.philgeps.gov.ph/GEPSNONPILOT/Tender/SplashBidNoticeAbstractUI.aspx?menuIndex=3&refID=12760900&DirectFrom=OpenOpp&Type=category&BusCatID=29
2026-02-10 13:57:59,129 - __main__ - INFO -   Processing 60/111: https://notices.philgeps.gov.ph/GEPSNONPILOT/Tender/SplashBidNoticeAbstractUI.aspx?menuIndex=3&refID=12762327&DirectFrom=OpenOpp&Type=category&BusCatID=29
2026-02-10 13:57:59,129 - __main__ - INFO -   Processing 61/111: https://notices.philgeps.gov.ph/GEPSNONPILOT/Tender/SplashBidNoticeAbstractUI.aspx?menuIndex=3&refID=12762534&DirectFrom=OpenOpp&Type=category&BusCatID=29
2026-02-10 13:57:59,129 - __main__ - INFO -   Processing 62/111: https://notices.philgeps.gov.ph/GEPSNONPILOT/Tender/SplashBidNoticeAbstractUI.aspx?menuIndex=3&refID=12762755&DirectFrom=OpenOpp&Type=category&BusCatID=29
2026-02-10 13:57:59,130 - __main__ - INFO -   Processing 63/111: https://notices.philgeps.gov.ph/GEPSNONPILOT/Tender/SplashBidNoticeAbstractUI.aspx?menuIndex=3&refID=12762839&DirectFrom=OpenOpp&Type=category&BusCatID=29
2026-02-10 13:57:59,130 - __main__ - INFO -   Processing 64/111: https://notices.philgeps.gov.ph/GEPSNONPILOT/Tender/SplashBidNoticeAbstractUI.aspx?menuIndex=3&refID=12762851&DirectFrom=OpenOpp&Type=category&BusCatID=29
2026-02-10 13:57:59,130 - __main__ - INFO -   Processing 65/111: https://notices.philgeps.gov.ph/GEPSNONPILOT/Tender/SplashBidNoticeAbstractUI.aspx?menuIndex=3&refID=12762973&DirectFrom=OpenOpp&Type=category&BusCatID=29
2026-02-10 13:57:59,130 - __main__ - INFO -   Processing 66/111: https://notices.philgeps.gov.ph/GEPSNONPILOT/Tender/SplashBidNoticeAbstractUI.aspx?menuIndex=3&refID=12763251&DirectFrom=OpenOpp&Type=category&BusCatID=29
2026-02-10 13:57:59,130 - __main__ - INFO -   Processing 67/111: https://notices.philgeps.gov.ph/GEPSNONPILOT/Tender/SplashBidNoticeAbstractUI.aspx?menuIndex=3&refID=12763300&DirectFrom=OpenOpp&Type=category&BusCatID=29
2026-02-10 13:57:59,130 - __main__ - INFO -   Processing 68/111: https://notices.philgeps.gov.ph/GEPSNONPILOT/Tender/SplashBidNoticeAbstractUI.aspx?menuIndex=3&refID=12763707&DirectFrom=OpenOpp&Type=category&BusCatID=29
2026-02-10 13:57:59,130 - __main__ - INFO -   Processing 69/111: https://notices.philgeps.gov.ph/GEPSNONPILOT/Tender/SplashBidNoticeAbstractUI.aspx?menuIndex=3&refID=12763828&DirectFrom=OpenOpp&Type=category&BusCatID=29
2026-02-10 13:57:59,131 - __main__ - INFO -   Processing 70/111: https://notices.philgeps.gov.ph/GEPSNONPILOT/Tender/SplashBidNoticeAbstractUI.aspx?menuIndex=3&refID=12763965&DirectFrom=OpenOpp&Type=category&BusCatID=29
2026-02-10 13:57:59,131 - __main__ - INFO -   Processing 71/111: https://notices.philgeps.gov.ph/GEPSNONPILOT/Tender/SplashBidNoticeAbstractUI.aspx?menuIndex=3&refID=12763966&DirectFrom=OpenOpp&Type=category&BusCatID=29
2026-02-10 13:57:59,131 - __main__ - INFO -   Processing 72/111: https://notices.philgeps.gov.ph/GEPSNONPILOT/Tender/SplashBidNoticeAbstractUI.aspx?menuIndex=3&refID=12764013&DirectFrom=OpenOpp&Type=category&BusCatID=29
2026-02-10 13:57:59,131 - __main__ - INFO -   Processing 73/111: https://notices.philgeps.gov.ph/GEPSNONPILOT/Tender/SplashBidNoticeAbstractUI.aspx?menuIndex=3&refID=12764265&DirectFrom=OpenOpp&Type=category&BusCatID=29
2026-02-10 13:57:59,131 - __main__ - INFO -   Processing 74/111: https://notices.philgeps.gov.ph/GEPSNONPILOT/Tender/SplashBidNoticeAbstractUI.aspx?menuIndex=3&refID=12764317&DirectFrom=OpenOpp&Type=category&BusCatID=29
2026-02-10 13:57:59,131 - __main__ - INFO -   Processing 75/111: https://notices.philgeps.gov.ph/GEPSNONPILOT/Tender/SplashBidNoticeAbstractUI.aspx?menuIndex=3&refID=12764387&DirectFrom=OpenOpp&Type=category&BusCatID=29
2026-02-10 13:57:59,131 - __main__ - INFO -   Processing 76/111: https://notices.philgeps.gov.ph/GEPSNONPILOT/Tender/SplashBidNoticeAbstractUI.aspx?menuIndex=3&refID=12764423&DirectFrom=OpenOpp&Type=category&BusCatID=29
2026-02-10 13:57:59,131 - __main__ - INFO -   Processing 77/111: https://notices.philgeps.gov.ph/GEPSNONPILOT/Tender/SplashBidNoticeAbstractUI.aspx?menuIndex=3&refID=12764999&DirectFrom=OpenOpp&Type=category&BusCatID=29
2026-02-10 13:57:59,132 - __main__ - INFO -   Processing 78/111: https://notices.philgeps.gov.ph/GEPSNONPILOT/Tender/SplashBidNoticeAbstractUI.aspx?menuIndex=3&refID=12759118&DirectFrom=OpenOpp&Type=category&BusCatID=29
2026-02-10 13:57:59,132 - __main__ - INFO -   Processing 79/111: https://notices.philgeps.gov.ph/GEPSNONPILOT/Tender/SplashBidNoticeAbstractUI.aspx?menuIndex=3&refID=12759274&DirectFrom=OpenOpp&Type=category&BusCatID=29
2026-02-10 13:57:59,132 - __main__ - INFO -   Processing 80/111: https://notices.philgeps.gov.ph/GEPSNONPILOT/Tender/SplashBidNoticeAbstractUI.aspx?menuIndex=3&refID=12759869&DirectFrom=OpenOpp&Type=category&BusCatID=29
2026-02-10 13:57:59,132 - __main__ - INFO -   Processing 81/111: https://notices.philgeps.gov.ph/GEPSNONPILOT/Tender/SplashBidNoticeAbstractUI.aspx?menuIndex=3&refID=12759920&DirectFrom=OpenOpp&Type=category&BusCatID=29
2026-02-10 13:57:59,132 - __main__ - INFO -   Processing 82/111: https://notices.philgeps.gov.ph/GEPSNONPILOT/Tender/SplashBidNoticeAbstractUI.aspx?menuIndex=3&refID=12759984&DirectFrom=OpenOpp&Type=category&BusCatID=29
2026-02-10 13:57:59,132 - __main__ - INFO -   Processing 83/111: https://notices.philgeps.gov.ph/GEPSNONPILOT/Tender/SplashBidNoticeAbstractUI.aspx?menuIndex=3&refID=12760172&DirectFrom=OpenOpp&Type=category&BusCatID=29
2026-02-10 13:57:59,132 - __main__ - INFO -   Processing 84/111: https://notices.philgeps.gov.ph/GEPSNONPILOT/Tender/SplashBidNoticeAbstractUI.aspx?menuIndex=3&refID=12760667&DirectFrom=OpenOpp&Type=category&BusCatID=29
2026-02-10 13:57:59,132 - __main__ - INFO -   Processing 85/111: https://notices.philgeps.gov.ph/GEPSNONPILOT/Tender/SplashBidNoticeAbstractUI.aspx?menuIndex=3&refID=12760951&DirectFrom=OpenOpp&Type=category&BusCatID=29
2026-02-10 13:57:59,133 - __main__ - INFO -   Processing 86/111: https://notices.philgeps.gov.ph/GEPSNONPILOT/Tender/SplashBidNoticeAbstractUI.aspx?menuIndex=3&refID=12761036&DirectFrom=OpenOpp&Type=category&BusCatID=29
2026-02-10 13:57:59,133 - __main__ - INFO -   Processing 87/111: https://notices.philgeps.gov.ph/GEPSNONPILOT/Tender/SplashBidNoticeAbstractUI.aspx?menuIndex=3&refID=12761239&DirectFrom=OpenOpp&Type=category&BusCatID=29
2026-02-10 13:57:59,133 - __main__ - INFO -   Processing 88/111: https://notices.philgeps.gov.ph/GEPSNONPILOT/Tender/SplashBidNoticeAbstractUI.aspx?menuIndex=3&refID=12761280&DirectFrom=OpenOpp&Type=category&BusCatID=29
2026-02-10 13:57:59,133 - __main__ - INFO -   Processing 89/111: https://notices.philgeps.gov.ph/GEPSNONPILOT/Tender/SplashBidNoticeAbstractUI.aspx?menuIndex=3&refID=12756135&DirectFrom=OpenOpp&Type=category&BusCatID=29
2026-02-10 13:57:59,133 - __main__ - INFO -   Processing 90/111: https://notices.philgeps.gov.ph/GEPSNONPILOT/Tender/SplashBidNoticeAbstractUI.aspx?menuIndex=3&refID=12756571&DirectFrom=OpenOpp&Type=category&BusCatID=29
2026-02-10 13:57:59,133 - __main__ - INFO -   Processing 91/111: https://notices.philgeps.gov.ph/GEPSNONPILOT/Tender/SplashBidNoticeAbstractUI.aspx?menuIndex=3&refID=12758235&DirectFrom=OpenOpp&Type=category&BusCatID=29
2026-02-10 13:57:59,133 - __main__ - INFO -   Processing 92/111: https://notices.philgeps.gov.ph/GEPSNONPILOT/Tender/SplashBidNoticeAbstractUI.aspx?menuIndex=3&refID=12758238&DirectFrom=OpenOpp&Type=category&BusCatID=29
2026-02-10 13:57:59,133 - __main__ - INFO -   Processing 93/111: https://notices.philgeps.gov.ph/GEPSNONPILOT/Tender/SplashBidNoticeAbstractUI.aspx?menuIndex=3&refID=12758446&DirectFrom=OpenOpp&Type=category&BusCatID=29
2026-02-10 13:57:59,134 - __main__ - INFO -   Processing 94/111: https://notices.philgeps.gov.ph/GEPSNONPILOT/Tender/SplashBidNoticeAbstractUI.aspx?menuIndex=3&refID=12758819&DirectFrom=OpenOpp&Type=category&BusCatID=29
2026-02-10 13:57:59,134 - __main__ - INFO -   Processing 95/111: https://notices.philgeps.gov.ph/GEPSNONPILOT/Tender/SplashBidNoticeAbstractUI.aspx?menuIndex=3&refID=12754918&DirectFrom=OpenOpp&Type=category&BusCatID=29
2026-02-10 13:57:59,134 - __main__ - INFO -   Processing 96/111: https://notices.philgeps.gov.ph/GEPSNONPILOT/Tender/SplashBidNoticeAbstractUI.aspx?menuIndex=3&refID=12755128&DirectFrom=OpenOpp&Type=category&BusCatID=29
2026-02-10 13:57:59,134 - __main__ - INFO -   Processing 97/111: https://notices.philgeps.gov.ph/GEPSNONPILOT/Tender/SplashBidNoticeAbstractUI.aspx?menuIndex=3&refID=12755165&DirectFrom=OpenOpp&Type=category&BusCatID=29
2026-02-10 13:57:59,134 - __main__ - INFO -   Processing 98/111: https://notices.philgeps.gov.ph/GEPSNONPILOT/Tender/SplashBidNoticeAbstractUI.aspx?menuIndex=3&refID=12755532&DirectFrom=OpenOpp&Type=category&BusCatID=29
2026-02-10 13:57:59,134 - __main__ - INFO -   Processing 99/111: https://notices.philgeps.gov.ph/GEPSNONPILOT/Tender/SplashBidNoticeAbstractUI.aspx?menuIndex=3&refID=12755753&DirectFrom=OpenOpp&Type=category&BusCatID=29
2026-02-10 13:57:59,134 - __main__ - INFO -   Processing 100/111: https://notices.philgeps.gov.ph/GEPSNONPILOT/Tender/SplashBidNoticeAbstractUI.aspx?menuIndex=3&refID=12755763&DirectFrom=OpenOpp&Type=category&BusCatID=29
2026-02-10 13:57:59,134 - __main__ - INFO -   Processing 101/111: https://notices.philgeps.gov.ph/GEPSNONPILOT/Tender/SplashBidNoticeAbstractUI.aspx?menuIndex=3&refID=12747535&DirectFrom=OpenOpp&Type=category&BusCatID=29
2026-02-10 13:57:59,135 - __main__ - INFO -   Processing 102/111: https://notices.philgeps.gov.ph/GEPSNONPILOT/Tender/SplashBidNoticeAbstractUI.aspx?menuIndex=3&refID=12747575&DirectFrom=OpenOpp&Type=category&BusCatID=29
2026-02-10 13:57:59,135 - __main__ - INFO -   Processing 103/111: https://notices.philgeps.gov.ph/GEPSNONPILOT/Tender/SplashBidNoticeAbstractUI.aspx?menuIndex=3&refID=12752732&DirectFrom=OpenOpp&Type=category&BusCatID=29
2026-02-10 13:57:59,135 - __main__ - INFO -   Processing 104/111: https://notices.philgeps.gov.ph/GEPSNONPILOT/Tender/SplashBidNoticeAbstractUI.aspx?menuIndex=3&refID=12748408&DirectFrom=OpenOpp&Type=category&BusCatID=29
2026-02-10 13:57:59,135 - __main__ - INFO -   Processing 105/111: https://notices.philgeps.gov.ph/GEPSNONPILOT/Tender/SplashBidNoticeAbstractUI.aspx?menuIndex=3&refID=12745179&DirectFrom=OpenOpp&Type=category&BusCatID=29
2026-02-10 13:57:59,135 - __main__ - INFO -   Processing 106/111: https://notices.philgeps.gov.ph/GEPSNONPILOT/Tender/SplashBidNoticeAbstractUI.aspx?menuIndex=3&refID=12745834&DirectFrom=OpenOpp&Type=category&BusCatID=29
2026-02-10 13:57:59,136 - __main__ - INFO -   Processing 107/111: https://notices.philgeps.gov.ph/GEPSNONPILOT/Tender/SplashBidNoticeAbstractUI.aspx?menuIndex=3&refID=12736638&DirectFrom=OpenOpp&Type=category&BusCatID=29
2026-02-10 13:57:59,136 - __main__ - INFO -   Processing 108/111: https://notices.philgeps.gov.ph/GEPSNONPILOT/Tender/SplashBidNoticeAbstractUI.aspx?menuIndex=3&refID=12736648&DirectFrom=OpenOpp&Type=category&BusCatID=29
2026-02-10 13:57:59,136 - __main__ - INFO -   Processing 109/111: https://notices.philgeps.gov.ph/GEPSNONPILOT/Tender/SplashBidNoticeAbstractUI.aspx?menuIndex=3&refID=12740719&DirectFrom=OpenOpp&Type=category&BusCatID=29
2026-02-10 13:57:59,136 - __main__ - INFO -   Processing 110/111: https://notices.philgeps.gov.ph/GEPSNONPILOT/Tender/SplashBidNoticeAbstractUI.aspx?menuIndex=3&refID=12741104&DirectFrom=OpenOpp&Type=category&BusCatID=29
2026-02-10 13:57:59,136 - __main__ - INFO -   Processing 111/111: https://notices.philgeps.gov.ph/GEPSNONPILOT/Tender/SplashBidNoticeAbstractUI.aspx?menuIndex=3&refID=12737791&DirectFrom=OpenOpp&Type=category&BusCatID=29
2026-02-10 13:57:59,137 - __main__ - INFO -   Saved 111 rows to output/raw/philgeps_final_working.csv
2026-02-10 13:57:59,137 - __main__ - INFO - Scraper completed successfully. Output file: C:\Users\OPTIMA\Documents\IT\PROJECTS\Philgeps ScraperV2\output\raw\philgeps_final_working.csv (126839 bytes)
2026-02-10 13:57:59,138 - __main__ - INFO - ============================================================
2026-02-10 13:57:59,138 - __main__ - INFO - STARTING DATA CLEANER
2026-02-10 13:57:59,138 - __main__ - INFO - ============================================================
2026-02-10 13:57:59,140 - __main__ - INFO - Created backup: C:\Users\OPTIMA\Documents\IT\PROJECTS\Philgeps ScraperV2\output\raw\philgeps_final_working.backup.csv
2026-02-10 13:57:59,140 - __main__ - INFO - Running command: C:\Users\OPTIMA\AppData\Local\Python\pythoncore-3.14-64\python.exe C:\Users\OPTIMA\Documents\IT\PROJECTS\Philgeps ScraperV2\data_cleaner.py --input C:\Users\OPTIMA\Documents\IT\PROJECTS\Philgeps ScraperV2\output\raw\philgeps_final_working.csv --output output/cleaned/philgeps_final_working_cleaned.csv
2026-02-10 13:57:59,575 - __main__ - INFO - Cleaner stdout:
2026-02-10 13:57:59,575 - __main__ - INFO -   ============================================================
2026-02-10 13:57:59,575 - __main__ - INFO -   DATA CLEANING SUMMARY
2026-02-10 13:57:59,576 - __main__ - INFO -   ============================================================
2026-02-10 13:57:59,576 - __main__ - INFO -   Total rows processed: 111
2026-02-10 13:57:59,576 - __main__ - INFO -   Total columns: 20
2026-02-10 13:57:59,576 - __main__ - INFO -   
2026-02-10 13:57:59,576 - __main__ - INFO -   Currency Cleaning:
2026-02-10 13:57:59,576 - __main__ - INFO -     Original valid values: 106
2026-02-10 13:57:59,576 - __main__ - INFO -     Cleaned valid values: 106
2026-02-10 13:57:59,576 - __main__ - INFO -     Lost values: 0
2026-02-10 13:57:59,576 - __main__ - INFO -   
2026-02-10 13:57:59,576 - __main__ - INFO -   Date Cleaning:
2026-02-10 13:57:59,576 - __main__ - INFO -     date_published:
2026-02-10 13:57:59,577 - __main__ - INFO -       Original valid: 111
2026-02-10 13:57:59,577 - __main__ - INFO -       Cleaned valid: 111
2026-02-10 13:57:59,577 - __main__ - INFO -       Lost values: 0
2026-02-10 13:57:59,577 - __main__ - INFO -     closing_datetime:
2026-02-10 13:57:59,577 - __main__ - INFO -       Original valid: 111
2026-02-10 13:57:59,577 - __main__ - INFO -       Cleaned valid: 111
2026-02-10 13:57:59,577 - __main__ - INFO -       Lost values: 0
2026-02-10 13:57:59,577 - __main__ - INFO -     last_updated:
2026-02-10 13:57:59,577 - __main__ - INFO -       Original valid: 111
2026-02-10 13:57:59,577 - __main__ - INFO -       Cleaned valid: 111
2026-02-10 13:57:59,577 - __main__ - INFO -       Lost values: 0
2026-02-10 13:57:59,577 - __main__ - INFO -   
2026-02-10 13:57:59,578 - __main__ - INFO -   Cleaned data saved to: output/cleaned/philgeps_final_working_cleaned.csv
2026-02-10 13:57:59,578 - __main__ - INFO -   ============================================================
2026-02-10 13:57:59,578 - __main__ - WARNING - Cleaner stderr:
2026-02-10 13:57:59,578 - __main__ - WARNING -   2026-02-10 13:57:59,477 - INFO - Loading data from C:\Users\OPTIMA\Documents\IT\PROJECTS\Philgeps ScraperV2\output\raw\philgeps_final_working.csv
2026-02-10 13:57:59,578 - __main__ - WARNING -   2026-02-10 13:57:59,498 - INFO - Loaded 111 rows and 20 columns
2026-02-10 13:57:59,578 - __main__ - WARNING -   2026-02-10 13:57:59,498 - INFO - Starting data cleaning process...
2026-02-10 13:57:59,578 - __main__ - WARNING -   2026-02-10 13:57:59,500 - INFO - Cleaning currency values...
2026-02-10 13:57:59,578 - __main__ - WARNING -   2026-02-10 13:57:59,510 - INFO - Cleaning date column: date_published
2026-02-10 13:57:59,578 - __main__ - WARNING -   2026-02-10 13:57:59,511 - INFO - Cleaning date column: closing_datetime
2026-02-10 13:57:59,578 - __main__ - WARNING -   2026-02-10 13:57:59,513 - INFO - Cleaning date column: last_updated
2026-02-10 13:57:59,578 - __main__ - WARNING -   2026-02-10 13:57:59,514 - INFO - Data cleaning completed!
2026-02-10 13:57:59,578 - __main__ - WARNING -   2026-02-10 13:57:59,515 - INFO - Saving cleaned data to output/cleaned/philgeps_final_working_cleaned.csv
2026-02-10 13:57:59,579 - __main__ - WARNING -   2026-02-10 13:57:59,519 - INFO - Successfully saved 111 rows to output/cleaned/philgeps_final_working_cleaned.csv
2026-02-10 13:57:59,579 - __main__ - INFO - Data cleaner completed successfully. Output file: C:\Users\OPTIMA\Documents\IT\PROJECTS\Philgeps ScraperV2\output\cleaned\philgeps_final_working_cleaned.csv (124390 bytes)
2026-02-10 13:57:59,579 - __main__ - INFO - ============================================================
2026-02-10 13:57:59,579 - __main__ - INFO - PIPELINE EXECUTION SUMMARY
2026-02-10 13:57:59,579 - __main__ - INFO - ============================================================
2026-02-10 13:57:59,630 - __main__ - INFO - ============================================================
2026-02-10 13:57:59,630 - __main__ - INFO - Pipeline completed successfully in 0:08:32.065904
