2026-02-10 14:41:24,545 - INFO - Pipeline started at 2026-02-10 14:41:24.545934
2026-02-10 14:41:24,546 - INFO - Validating environment...
2026-02-10 14:41:24,546 - INFO - Environment validation completed.
2026-02-10 14:41:24,546 - INFO - === RUNNING SCRAPER ===
2026-02-10 14:41:24,546 - INFO - Running command: C:\Users\OPTIMA\AppData\Local\Python\pythoncore-3.14-64\python.exe C:\Users\OPTIMA\Documents\IT\PROJECTS\Philgeps ScraperV2\final_working_scraper.py --output output/raw/philgeps_final_working.csv --delay 0.5
2026-02-10 14:42:49,381 - WARNING - 2026-02-10 14:41:24,832 - INFO - Starting final working scraper...
2026-02-10 14:41:26,646 - INFO - Processing page 1...
2026-02-10 14:41:28,227 - INFO - Found 20 NEW links on page 1
2026-02-10 14:41:28,227 - INFO - Total unique links so far: 20
2026-02-10 14:41:28,235 - INFO - Clicking Next button for page 2
2026-02-10 14:41:31,722 - INFO - Processing page 2...
2026-02-10 14:41:33,275 - INFO - Found 20 NEW links on page 2
2026-02-10 14:41:33,275 - INFO - Total unique links so far: 40
2026-02-10 14:41:33,280 - INFO - Clicking Next button for page 3
2026-02-10 14:41:35,817 - INFO - Processing page 3...
2026-02-10 14:41:37,360 - INFO - Found 20 NEW links on page 3
2026-02-10 14:41:37,360 - INFO - Total unique links so far: 60
2026-02-10 14:41:37,365 - INFO - Clicking Next button for page 4
2026-02-10 14:41:39,916 - INFO - Processing page 4...
2026-02-10 14:41:41,457 - INFO - Found 20 NEW links on page 4
2026-02-10 14:41:41,458 - INFO - Total unique links so far: 80
2026-02-10 14:41:41,462 - INFO - Clicking Next button for page 5
2026-02-10 14:41:44,000 - INFO - Processing page 5...
2026-02-10 14:41:45,539 - INFO - Found 20 NEW links on page 5
2026-02-10 14:41:45,540 - INFO - Total unique links so far: 100
2026-02-10 14:41:45,543 - INFO - Clicking Next button for page 6
2026-02-10 14:41:48,083 - INFO - Processing page 6...
2026-02-10 14:41:49,613 - INFO - Found 11 NEW links on page 6
2026-02-10 14:41:49,614 - INFO - Total unique links so far: 111
2026-02-10 14:41:49,629 - INFO - Clicking Next button for page 7
2026-02-10 14:41:52,167 - INFO - Processing page 7...
2026-02-10 14:41:53,714 - INFO - Found 0 NEW links on page 7
2026-02-10 14:41:53,714 - INFO - Total unique links so far: 111
2026-02-10 14:41:53,714 - WARNING - No new links found on page 7. Possibly reached end or page stuck.
2026-02-10 14:41:53,776 - INFO - Scraping completed: 7 pages processed, 111 unique links collected
2026-02-10 14:41:53,777 - INFO - Scraping 111 detail pages...
2026-02-10 14:41:53,777 - INFO - Processing 1/111: https://notices.philgeps.gov.ph/GEPSNONPILOT/Tender/SplashBidNoticeAbstractUI.aspx?menuIndex=3&refID=12765885&DirectFrom=OpenOpp&Type=category&BusCatID=29
2026-02-10 14:41:53,777 - WARNING - Failed to parse https://notices.philgeps.gov.ph/GEPSNONPILOT/Tender/SplashBidNoticeAbstractUI.aspx?menuIndex=3&refID=12765885&DirectFrom=OpenOpp&Type=category&BusCatID=29: name 'parse_detail' is not defined
2026-02-10 14:41:54,277 - INFO - Processing 2/111: https://notices.philgeps.gov.ph/GEPSNONPILOT/Tender/SplashBidNoticeAbstractUI.aspx?menuIndex=3&refID=12765972&DirectFrom=OpenOpp&Type=category&BusCatID=29
2026-02-10 14:41:54,277 - WARNING - Failed to parse https://notices.philgeps.gov.ph/GEPSNONPILOT/Tender/SplashBidNoticeAbstractUI.aspx?menuIndex=3&refID=12765972&DirectFrom=OpenOpp&Type=category&BusCatID=29: name 'parse_detail' is not defined
2026-02-10 14:41:54,777 - INFO - Processing 3/111: https://notices.philgeps.gov.ph/GEPSNONPILOT/Tender/SplashBidNoticeAbstractUI.aspx?menuIndex=3&refID=12768061&DirectFrom=OpenOpp&Type=category&BusCatID=29
2026-02-10 14:41:54,778 - WARNING - Failed to parse https://notices.philgeps.gov.ph/GEPSNONPILOT/Tender/SplashBidNoticeAbstractUI.aspx?menuIndex=3&refID=12768061&DirectFrom=OpenOpp&Type=category&BusCatID=29: name 'parse_detail' is not defined
2026-02-10 14:41:55,278 - INFO - Processing 4/111: https://notices.philgeps.gov.ph/GEPSNONPILOT/Tender/SplashBidNoticeAbstractUI.aspx?menuIndex=3&refID=12768124&DirectFrom=OpenOpp&Type=category&BusCatID=29
2026-02-10 14:41:55,278 - WARNING - Failed to parse https://notices.philgeps.gov.ph/GEPSNONPILOT/Tender/SplashBidNoticeAbstractUI.aspx?menuIndex=3&refID=12768124&DirectFrom=OpenOpp&Type=category&BusCatID=29: name 'parse_detail' is not defined
2026-02-10 14:41:55,778 - INFO - Processing 5/111: https://notices.philgeps.gov.ph/GEPSNONPILOT/Tender/SplashBidNoticeAbstractUI.aspx?menuIndex=3&refID=12768427&DirectFrom=OpenOpp&Type=category&BusCatID=29
2026-02-10 14:41:55,778 - WARNING - Failed to parse https://notices.philgeps.gov.ph/GEPSNONPILOT/Tender/SplashBidNoticeAbstractUI.aspx?menuIndex=3&refID=12768427&DirectFrom=OpenOpp&Type=category&BusCatID=29: name 'parse_detail' is not defined
2026-02-10 14:41:56,279 - INFO - Processing 6/111: https://notices.philgeps.gov.ph/GEPSNONPILOT/Tender/SplashBidNoticeAbstractUI.aspx?menuIndex=3&refID=12768446&DirectFrom=OpenOpp&Type=category&BusCatID=29
2026-02-10 14:41:56,279 - WARNING - Failed to parse https://notices.philgeps.gov.ph/GEPSNONPILOT/Tender/SplashBidNoticeAbstractUI.aspx?menuIndex=3&refID=12768446&DirectFrom=OpenOpp&Type=category&BusCatID=29: name 'parse_detail' is not defined
2026-02-10 14:41:56,779 - INFO - Processing 7/111: https://notices.philgeps.gov.ph/GEPSNONPILOT/Tender/SplashBidNoticeAbstractUI.aspx?menuIndex=3&refID=12768623&DirectFrom=OpenOpp&Type=category&BusCatID=29
2026-02-10 14:41:56,779 - WARNING - Failed to parse https://notices.philgeps.gov.ph/GEPSNONPILOT/Tender/SplashBidNoticeAbstractUI.aspx?menuIndex=3&refID=12768623&DirectFrom=OpenOpp&Type=category&BusCatID=29: name 'parse_detail' is not defined
2026-02-10 14:41:57,280 - INFO - Processing 8/111: https://notices.philgeps.gov.ph/GEPSNONPILOT/Tender/SplashBidNoticeAbstractUI.aspx?menuIndex=3&refID=12768716&DirectFrom=OpenOpp&Type=category&BusCatID=29
2026-02-10 14:41:57,280 - WARNING - Failed to parse https://notices.philgeps.gov.ph/GEPSNONPILOT/Tender/SplashBidNoticeAbstractUI.aspx?menuIndex=3&refID=12768716&DirectFrom=OpenOpp&Type=category&BusCatID=29: name 'parse_detail' is not defined
2026-02-10 14:41:57,780 - INFO - Processing 9/111: https://notices.philgeps.gov.ph/GEPSNONPILOT/Tender/SplashBidNoticeAbstractUI.aspx?menuIndex=3&refID=12768720&DirectFrom=OpenOpp&Type=category&BusCatID=29
2026-02-10 14:41:57,781 - WARNING - Failed to parse https://notices.philgeps.gov.ph/GEPSNONPILOT/Tender/SplashBidNoticeAbstractUI.aspx?menuIndex=3&refID=12768720&DirectFrom=OpenOpp&Type=category&BusCatID=29: name 'parse_detail' is not defined
2026-02-10 14:41:58,281 - INFO - Processing 10/111: https://notices.philgeps.gov.ph/GEPSNONPILOT/Tender/SplashBidNoticeAbstractUI.aspx?menuIndex=3&refID=12768728&DirectFrom=OpenOpp&Type=category&BusCatID=29
2026-02-10 14:41:58,281 - WARNING - Failed to parse https://notices.philgeps.gov.ph/GEPSNONPILOT/Tender/SplashBidNoticeAbstractUI.aspx?menuIndex=3&refID=12768728&DirectFrom=OpenOpp&Type=category&BusCatID=29: name 'parse_detail' is not defined
2026-02-10 14:41:58,781 - INFO - Processing 11/111: https://notices.philgeps.gov.ph/GEPSNONPILOT/Tender/SplashBidNoticeAbstractUI.aspx?menuIndex=3&refID=12769083&DirectFrom=OpenOpp&Type=category&BusCatID=29
2026-02-10 14:41:58,781 - WARNING - Failed to parse https://notices.philgeps.gov.ph/GEPSNONPILOT/Tender/SplashBidNoticeAbstractUI.aspx?menuIndex=3&refID=12769083&DirectFrom=OpenOpp&Type=category&BusCatID=29: name 'parse_detail' is not defined
2026-02-10 14:41:59,282 - INFO - Processing 12/111: https://notices.philgeps.gov.ph/GEPSNONPILOT/Tender/SplashBidNoticeAbstractUI.aspx?menuIndex=3&refID=12769091&DirectFrom=OpenOpp&Type=category&BusCatID=29
2026-02-10 14:41:59,282 - WARNING - Failed to parse https://notices.philgeps.gov.ph/GEPSNONPILOT/Tender/SplashBidNoticeAbstractUI.aspx?menuIndex=3&refID=12769091&DirectFrom=OpenOpp&Type=category&BusCatID=29: name 'parse_detail' is not defined
2026-02-10 14:41:59,790 - INFO - Processing 13/111: https://notices.philgeps.gov.ph/GEPSNONPILOT/Tender/SplashBidNoticeAbstractUI.aspx?menuIndex=3&refID=12769127&DirectFrom=OpenOpp&Type=category&BusCatID=29
2026-02-10 14:41:59,792 - WARNING - Failed to parse https://notices.philgeps.gov.ph/GEPSNONPILOT/Tender/SplashBidNoticeAbstractUI.aspx?menuIndex=3&refID=12769127&DirectFrom=OpenOpp&Type=category&BusCatID=29: name 'parse_detail' is not defined
2026-02-10 14:42:00,293 - INFO - Processing 14/111: https://notices.philgeps.gov.ph/GEPSNONPILOT/Tender/SplashBidNoticeAbstractUI.aspx?menuIndex=3&refID=12769136&DirectFrom=OpenOpp&Type=category&BusCatID=29
2026-02-10 14:42:00,293 - WARNING - Failed to parse https://notices.philgeps.gov.ph/GEPSNONPILOT/Tender/SplashBidNoticeAbstractUI.aspx?menuIndex=3&refID=12769136&DirectFrom=OpenOpp&Type=category&BusCatID=29: name 'parse_detail' is not defined
2026-02-10 14:42:00,793 - INFO - Processing 15/111: https://notices.philgeps.gov.ph/GEPSNONPILOT/Tender/SplashBidNoticeAbstractUI.aspx?menuIndex=3&refID=12769215&DirectFrom=OpenOpp&Type=category&BusCatID=29
2026-02-10 14:42:00,793 - WARNING - Failed to parse https://notices.philgeps.gov.ph/GEPSNONPILOT/Tender/SplashBidNoticeAbstractUI.aspx?menuIndex=3&refID=12769215&DirectFrom=OpenOpp&Type=category&BusCatID=29: name 'parse_detail' is not defined
2026-02-10 14:42:01,294 - INFO - Processing 16/111: https://notices.philgeps.gov.ph/GEPSNONPILOT/Tender/SplashBidNoticeAbstractUI.aspx?menuIndex=3&refID=12769223&DirectFrom=OpenOpp&Type=category&BusCatID=29
2026-02-10 14:42:01,294 - WARNING - Failed to parse https://notices.philgeps.gov.ph/GEPSNONPILOT/Tender/SplashBidNoticeAbstractUI.aspx?menuIndex=3&refID=12769223&DirectFrom=OpenOpp&Type=category&BusCatID=29: name 'parse_detail' is not defined
2026-02-10 14:42:01,794 - INFO - Processing 17/111: https://notices.philgeps.gov.ph/GEPSNONPILOT/Tender/SplashBidNoticeAbstractUI.aspx?menuIndex=3&refID=12769294&DirectFrom=OpenOpp&Type=category&BusCatID=29
2026-02-10 14:42:01,794 - WARNING - Failed to parse https://notices.philgeps.gov.ph/GEPSNONPILOT/Tender/SplashBidNoticeAbstractUI.aspx?menuIndex=3&refID=12769294&DirectFrom=OpenOpp&Type=category&BusCatID=29: name 'parse_detail' is not defined
2026-02-10 14:42:02,295 - INFO - Processing 18/111: https://notices.philgeps.gov.ph/GEPSNONPILOT/Tender/SplashBidNoticeAbstractUI.aspx?menuIndex=3&refID=12769306&DirectFrom=OpenOpp&Type=category&BusCatID=29
2026-02-10 14:42:02,295 - WARNING - Failed to parse https://notices.philgeps.gov.ph/GEPSNONPILOT/Tender/SplashBidNoticeAbstractUI.aspx?menuIndex=3&refID=12769306&DirectFrom=OpenOpp&Type=category&BusCatID=29: name 'parse_detail' is not defined
2026-02-10 14:42:02,795 - INFO - Processing 19/111: https://notices.philgeps.gov.ph/GEPSNONPILOT/Tender/SplashBidNoticeAbstractUI.aspx?menuIndex=3&refID=12769392&DirectFrom=OpenOpp&Type=category&BusCatID=29
2026-02-10 14:42:02,795 - WARNING - Failed to parse https://notices.philgeps.gov.ph/GEPSNONPILOT/Tender/SplashBidNoticeAbstractUI.aspx?menuIndex=3&refID=12769392&DirectFrom=OpenOpp&Type=category&BusCatID=29: name 'parse_detail' is not defined
2026-02-10 14:42:03,296 - INFO - Processing 20/111: https://notices.philgeps.gov.ph/GEPSNONPILOT/Tender/SplashBidNoticeAbstractUI.aspx?menuIndex=3&refID=12769624&DirectFrom=OpenOpp&Type=category&BusCatID=29
2026-02-10 14:42:03,296 - WARNING - Failed to parse https://notices.philgeps.gov.ph/GEPSNONPILOT/Tender/SplashBidNoticeAbstractUI.aspx?menuIndex=3&refID=12769624&DirectFrom=OpenOpp&Type=category&BusCatID=29: name 'parse_detail' is not defined
2026-02-10 14:42:03,797 - INFO - Processing 21/111: https://notices.philgeps.gov.ph/GEPSNONPILOT/Tender/SplashBidNoticeAbstractUI.aspx?menuIndex=3&refID=12769646&DirectFrom=OpenOpp&Type=category&BusCatID=29
2026-02-10 14:42:03,797 - WARNING - Failed to parse https://notices.philgeps.gov.ph/GEPSNONPILOT/Tender/SplashBidNoticeAbstractUI.aspx?menuIndex=3&refID=12769646&DirectFrom=OpenOpp&Type=category&BusCatID=29: name 'parse_detail' is not defined
2026-02-10 14:42:04,297 - INFO - Processing 22/111: https://notices.philgeps.gov.ph/GEPSNONPILOT/Tender/SplashBidNoticeAbstractUI.aspx?menuIndex=3&refID=12769721&DirectFrom=OpenOpp&Type=category&BusCatID=29
2026-02-10 14:42:04,297 - WARNING - Failed to parse https://notices.philgeps.gov.ph/GEPSNONPILOT/Tender/SplashBidNoticeAbstractUI.aspx?menuIndex=3&refID=12769721&DirectFrom=OpenOpp&Type=category&BusCatID=29: name 'parse_detail' is not defined
2026-02-10 14:42:04,798 - INFO - Processing 23/111: https://notices.philgeps.gov.ph/GEPSNONPILOT/Tender/SplashBidNoticeAbstractUI.aspx?menuIndex=3&refID=12769730&DirectFrom=OpenOpp&Type=category&BusCatID=29
2026-02-10 14:42:04,798 - WARNING - Failed to parse https://notices.philgeps.gov.ph/GEPSNONPILOT/Tender/SplashBidNoticeAbstractUI.aspx?menuIndex=3&refID=12769730&DirectFrom=OpenOpp&Type=category&BusCatID=29: name 'parse_detail' is not defined
2026-02-10 14:42:05,299 - INFO - Processing 24/111: https://notices.philgeps.gov.ph/GEPSNONPILOT/Tender/SplashBidNoticeAbstractUI.aspx?menuIndex=3&refID=12769808&DirectFrom=OpenOpp&Type=category&BusCatID=29
2026-02-10 14:42:05,299 - WARNING - Failed to parse https://notices.philgeps.gov.ph/GEPSNONPILOT/Tender/SplashBidNoticeAbstractUI.aspx?menuIndex=3&refID=12769808&DirectFrom=OpenOpp&Type=category&BusCatID=29: name 'parse_detail' is not defined
2026-02-10 14:42:05,800 - INFO - Processing 25/111: https://notices.philgeps.gov.ph/GEPSNONPILOT/Tender/SplashBidNoticeAbstractUI.aspx?menuIndex=3&refID=12769921&DirectFrom=OpenOpp&Type=category&BusCatID=29
2026-02-10 14:42:05,800 - WARNING - Failed to parse https://notices.philgeps.gov.ph/GEPSNONPILOT/Tender/SplashBidNoticeAbstractUI.aspx?menuIndex=3&refID=12769921&DirectFrom=OpenOpp&Type=category&BusCatID=29: name 'parse_detail' is not defined
2026-02-10 14:42:06,300 - INFO - Processing 26/111: https://notices.philgeps.gov.ph/GEPSNONPILOT/Tender/SplashBidNoticeAbstractUI.aspx?menuIndex=3&refID=12770074&DirectFrom=OpenOpp&Type=category&BusCatID=29
2026-02-10 14:42:06,300 - WARNING - Failed to parse https://notices.philgeps.gov.ph/GEPSNONPILOT/Tender/SplashBidNoticeAbstractUI.aspx?menuIndex=3&refID=12770074&DirectFrom=OpenOpp&Type=category&BusCatID=29: name 'parse_detail' is not defined
2026-02-10 14:42:06,801 - INFO - Processing 27/111: https://notices.philgeps.gov.ph/GEPSNONPILOT/Tender/SplashBidNoticeAbstractUI.aspx?menuIndex=3&refID=12770157&DirectFrom=OpenOpp&Type=category&BusCatID=29
2026-02-10 14:42:06,801 - WARNING - Failed to parse https://notices.philgeps.gov.ph/GEPSNONPILOT/Tender/SplashBidNoticeAbstractUI.aspx?menuIndex=3&refID=12770157&DirectFrom=OpenOpp&Type=category&BusCatID=29: name 'parse_detail' is not defined
2026-02-10 14:42:07,301 - INFO - Processing 28/111: https://notices.philgeps.gov.ph/GEPSNONPILOT/Tender/SplashBidNoticeAbstractUI.aspx?menuIndex=3&refID=12770162&DirectFrom=OpenOpp&Type=category&BusCatID=29
2026-02-10 14:42:07,301 - WARNING - Failed to parse https://notices.philgeps.gov.ph/GEPSNONPILOT/Tender/SplashBidNoticeAbstractUI.aspx?menuIndex=3&refID=12770162&DirectFrom=OpenOpp&Type=category&BusCatID=29: name 'parse_detail' is not defined
2026-02-10 14:42:07,802 - INFO - Processing 29/111: https://notices.philgeps.gov.ph/GEPSNONPILOT/Tender/SplashBidNoticeAbstractUI.aspx?menuIndex=3&refID=12770226&DirectFrom=OpenOpp&Type=category&BusCatID=29
2026-02-10 14:42:07,802 - WARNING - Failed to parse https://notices.philgeps.gov.ph/GEPSNONPILOT/Tender/SplashBidNoticeAbstractUI.aspx?menuIndex=3&refID=12770226&DirectFrom=OpenOpp&Type=category&BusCatID=29: name 'parse_detail' is not defined
2026-02-10 14:42:08,302 - INFO - Processing 30/111: https://notices.philgeps.gov.ph/GEPSNONPILOT/Tender/SplashBidNoticeAbstractUI.aspx?menuIndex=3&refID=12770375&DirectFrom=OpenOpp&Type=category&BusCatID=29
2026-02-10 14:42:08,302 - WARNING - Failed to parse https://notices.philgeps.gov.ph/GEPSNONPILOT/Tender/SplashBidNoticeAbstractUI.aspx?menuIndex=3&refID=12770375&DirectFrom=OpenOpp&Type=category&BusCatID=29: name 'parse_detail' is not defined
2026-02-10 14:42:08,803 - INFO - Processing 31/111: https://notices.philgeps.gov.ph/GEPSNONPILOT/Tender/SplashBidNoticeAbstractUI.aspx?menuIndex=3&refID=12770431&DirectFrom=OpenOpp&Type=category&BusCatID=29
2026-02-10 14:42:08,803 - WARNING - Failed to parse https://notices.philgeps.gov.ph/GEPSNONPILOT/Tender/SplashBidNoticeAbstractUI.aspx?menuIndex=3&refID=12770431&DirectFrom=OpenOpp&Type=category&BusCatID=29: name 'parse_detail' is not defined
2026-02-10 14:42:09,303 - INFO - Processing 32/111: https://notices.philgeps.gov.ph/GEPSNONPILOT/Tender/SplashBidNoticeAbstractUI.aspx?menuIndex=3&refID=12770439&DirectFrom=OpenOpp&Type=category&BusCatID=29
2026-02-10 14:42:09,304 - WARNING - Failed to parse https://notices.philgeps.gov.ph/GEPSNONPILOT/Tender/SplashBidNoticeAbstractUI.aspx?menuIndex=3&refID=12770439&DirectFrom=OpenOpp&Type=category&BusCatID=29: name 'parse_detail' is not defined
2026-02-10 14:42:09,804 - INFO - Processing 33/111: https://notices.philgeps.gov.ph/GEPSNONPILOT/Tender/SplashBidNoticeAbstractUI.aspx?menuIndex=3&refID=12763306&DirectFrom=OpenOpp&Type=category&BusCatID=29
2026-02-10 14:42:09,804 - WARNING - Failed to parse https://notices.philgeps.gov.ph/GEPSNONPILOT/Tender/SplashBidNoticeAbstractUI.aspx?menuIndex=3&refID=12763306&DirectFrom=OpenOpp&Type=category&BusCatID=29: name 'parse_detail' is not defined
2026-02-10 14:42:10,304 - INFO - Processing 34/111: https://notices.philgeps.gov.ph/GEPSNONPILOT/Tender/SplashBidNoticeAbstractUI.aspx?menuIndex=3&refID=12765519&DirectFrom=OpenOpp&Type=category&BusCatID=29
2026-02-10 14:42:10,305 - WARNING - Failed to parse https://notices.philgeps.gov.ph/GEPSNONPILOT/Tender/SplashBidNoticeAbstractUI.aspx?menuIndex=3&refID=12765519&DirectFrom=OpenOpp&Type=category&BusCatID=29: name 'parse_detail' is not defined
2026-02-10 14:42:10,805 - INFO - Processing 35/111: https://notices.philgeps.gov.ph/GEPSNONPILOT/Tender/SplashBidNoticeAbstractUI.aspx?menuIndex=3&refID=12765592&DirectFrom=OpenOpp&Type=category&BusCatID=29
2026-02-10 14:42:10,805 - WARNING - Failed to parse https://notices.philgeps.gov.ph/GEPSNONPILOT/Tender/SplashBidNoticeAbstractUI.aspx?menuIndex=3&refID=12765592&DirectFrom=OpenOpp&Type=category&BusCatID=29: name 'parse_detail' is not defined
2026-02-10 14:42:11,305 - INFO - Processing 36/111: https://notices.philgeps.gov.ph/GEPSNONPILOT/Tender/SplashBidNoticeAbstractUI.aspx?menuIndex=3&refID=12766142&DirectFrom=OpenOpp&Type=category&BusCatID=29
2026-02-10 14:42:11,305 - WARNING - Failed to parse https://notices.philgeps.gov.ph/GEPSNONPILOT/Tender/SplashBidNoticeAbstractUI.aspx?menuIndex=3&refID=12766142&DirectFrom=OpenOpp&Type=category&BusCatID=29: name 'parse_detail' is not defined
2026-02-10 14:42:11,805 - INFO - Processing 37/111: https://notices.philgeps.gov.ph/GEPSNONPILOT/Tender/SplashBidNoticeAbstractUI.aspx?menuIndex=3&refID=12766297&DirectFrom=OpenOpp&Type=category&BusCatID=29
2026-02-10 14:42:11,805 - WARNING - Failed to parse https://notices.philgeps.gov.ph/GEPSNONPILOT/Tender/SplashBidNoticeAbstractUI.aspx?menuIndex=3&refID=12766297&DirectFrom=OpenOpp&Type=category&BusCatID=29: name 'parse_detail' is not defined
2026-02-10 14:42:12,306 - INFO - Processing 38/111: https://notices.philgeps.gov.ph/GEPSNONPILOT/Tender/SplashBidNoticeAbstractUI.aspx?menuIndex=3&refID=12766642&DirectFrom=OpenOpp&Type=category&BusCatID=29
2026-02-10 14:42:12,306 - WARNING - Failed to parse https://notices.philgeps.gov.ph/GEPSNONPILOT/Tender/SplashBidNoticeAbstractUI.aspx?menuIndex=3&refID=12766642&DirectFrom=OpenOpp&Type=category&BusCatID=29: name 'parse_detail' is not defined
2026-02-10 14:42:12,807 - INFO - Processing 39/111: https://notices.philgeps.gov.ph/GEPSNONPILOT/Tender/SplashBidNoticeAbstractUI.aspx?menuIndex=3&refID=12766769&DirectFrom=OpenOpp&Type=category&BusCatID=29
2026-02-10 14:42:12,807 - WARNING - Failed to parse https://notices.philgeps.gov.ph/GEPSNONPILOT/Tender/SplashBidNoticeAbstractUI.aspx?menuIndex=3&refID=12766769&DirectFrom=OpenOpp&Type=category&BusCatID=29: name 'parse_detail' is not defined
2026-02-10 14:42:13,307 - INFO - Processing 40/111: https://notices.philgeps.gov.ph/GEPSNONPILOT/Tender/SplashBidNoticeAbstractUI.aspx?menuIndex=3&refID=12767056&DirectFrom=OpenOpp&Type=category&BusCatID=29
2026-02-10 14:42:13,307 - WARNING - Failed to parse https://notices.philgeps.gov.ph/GEPSNONPILOT/Tender/SplashBidNoticeAbstractUI.aspx?menuIndex=3&refID=12767056&DirectFrom=OpenOpp&Type=category&BusCatID=29: name 'parse_detail' is not defined
2026-02-10 14:42:13,808 - INFO - Processing 41/111: https://notices.philgeps.gov.ph/GEPSNONPILOT/Tender/SplashBidNoticeAbstractUI.aspx?menuIndex=3&refID=12767100&DirectFrom=OpenOpp&Type=category&BusCatID=29
2026-02-10 14:42:13,808 - WARNING - Failed to parse https://notices.philgeps.gov.ph/GEPSNONPILOT/Tender/SplashBidNoticeAbstractUI.aspx?menuIndex=3&refID=12767100&DirectFrom=OpenOpp&Type=category&BusCatID=29: name 'parse_detail' is not defined
2026-02-10 14:42:14,308 - INFO - Processing 42/111: https://notices.philgeps.gov.ph/GEPSNONPILOT/Tender/SplashBidNoticeAbstractUI.aspx?menuIndex=3&refID=12767769&DirectFrom=OpenOpp&Type=category&BusCatID=29
2026-02-10 14:42:14,308 - WARNING - Failed to parse https://notices.philgeps.gov.ph/GEPSNONPILOT/Tender/SplashBidNoticeAbstractUI.aspx?menuIndex=3&refID=12767769&DirectFrom=OpenOpp&Type=category&BusCatID=29: name 'parse_detail' is not defined
2026-02-10 14:42:14,809 - INFO - Processing 43/111: https://notices.philgeps.gov.ph/GEPSNONPILOT/Tender/SplashBidNoticeAbstractUI.aspx?menuIndex=3&refID=12767404&DirectFrom=OpenOpp&Type=category&BusCatID=29
2026-02-10 14:42:14,809 - WARNING - Failed to parse https://notices.philgeps.gov.ph/GEPSNONPILOT/Tender/SplashBidNoticeAbstractUI.aspx?menuIndex=3&refID=12767404&DirectFrom=OpenOpp&Type=category&BusCatID=29: name 'parse_detail' is not defined
2026-02-10 14:42:15,309 - INFO - Processing 44/111: https://notices.philgeps.gov.ph/GEPSNONPILOT/Tender/SplashBidNoticeAbstractUI.aspx?menuIndex=3&refID=12767418&DirectFrom=OpenOpp&Type=category&BusCatID=29
2026-02-10 14:42:15,310 - WARNING - Failed to parse https://notices.philgeps.gov.ph/GEPSNONPILOT/Tender/SplashBidNoticeAbstractUI.aspx?menuIndex=3&refID=12767418&DirectFrom=OpenOpp&Type=category&BusCatID=29: name 'parse_detail' is not defined
2026-02-10 14:42:15,811 - INFO - Processing 45/111: https://notices.philgeps.gov.ph/GEPSNONPILOT/Tender/SplashBidNoticeAbstractUI.aspx?menuIndex=3&refID=12767532&DirectFrom=OpenOpp&Type=category&BusCatID=29
2026-02-10 14:42:15,811 - WARNING - Failed to parse https://notices.philgeps.gov.ph/GEPSNONPILOT/Tender/SplashBidNoticeAbstractUI.aspx?menuIndex=3&refID=12767532&DirectFrom=OpenOpp&Type=category&BusCatID=29: name 'parse_detail' is not defined
2026-02-10 14:42:16,311 - INFO - Processing 46/111: https://notices.philgeps.gov.ph/GEPSNONPILOT/Tender/SplashBidNoticeAbstractUI.aspx?menuIndex=3&refID=12767533&DirectFrom=OpenOpp&Type=category&BusCatID=29
2026-02-10 14:42:16,311 - WARNING - Failed to parse https://notices.philgeps.gov.ph/GEPSNONPILOT/Tender/SplashBidNoticeAbstractUI.aspx?menuIndex=3&refID=12767533&DirectFrom=OpenOpp&Type=category&BusCatID=29: name 'parse_detail' is not defined
2026-02-10 14:42:16,812 - INFO - Processing 47/111: https://notices.philgeps.gov.ph/GEPSNONPILOT/Tender/SplashBidNoticeAbstractUI.aspx?menuIndex=3&refID=12765245&DirectFrom=OpenOpp&Type=category&BusCatID=29
2026-02-10 14:42:16,812 - WARNING - Failed to parse https://notices.philgeps.gov.ph/GEPSNONPILOT/Tender/SplashBidNoticeAbstractUI.aspx?menuIndex=3&refID=12765245&DirectFrom=OpenOpp&Type=category&BusCatID=29: name 'parse_detail' is not defined
2026-02-10 14:42:17,312 - INFO - Processing 48/111: https://notices.philgeps.gov.ph/GEPSNONPILOT/Tender/SplashBidNoticeAbstractUI.aspx?menuIndex=3&refID=12765425&DirectFrom=OpenOpp&Type=category&BusCatID=29
2026-02-10 14:42:17,312 - WARNING - Failed to parse https://notices.philgeps.gov.ph/GEPSNONPILOT/Tender/SplashBidNoticeAbstractUI.aspx?menuIndex=3&refID=12765425&DirectFrom=OpenOpp&Type=category&BusCatID=29: name 'parse_detail' is not defined
2026-02-10 14:42:17,812 - INFO - Processing 49/111: https://notices.philgeps.gov.ph/GEPSNONPILOT/Tender/SplashBidNoticeAbstractUI.aspx?menuIndex=3&refID=12765471&DirectFrom=OpenOpp&Type=category&BusCatID=29
2026-02-10 14:42:17,812 - WARNING - Failed to parse https://notices.philgeps.gov.ph/GEPSNONPILOT/Tender/SplashBidNoticeAbstractUI.aspx?menuIndex=3&refID=12765471&DirectFrom=OpenOpp&Type=category&BusCatID=29: name 'parse_detail' is not defined
2026-02-10 14:42:18,313 - INFO - Processing 50/111: https://notices.philgeps.gov.ph/GEPSNONPILOT/Tender/SplashBidNoticeAbstractUI.aspx?menuIndex=3&refID=12765499&DirectFrom=OpenOpp&Type=category&BusCatID=29
2026-02-10 14:42:18,313 - WARNING - Failed to parse https://notices.philgeps.gov.ph/GEPSNONPILOT/Tender/SplashBidNoticeAbstractUI.aspx?menuIndex=3&refID=12765499&DirectFrom=OpenOpp&Type=category&BusCatID=29: name 'parse_detail' is not defined
2026-02-10 14:42:18,813 - INFO - Processing 51/111: https://notices.philgeps.gov.ph/GEPSNONPILOT/Tender/SplashBidNoticeAbstractUI.aspx?menuIndex=3&refID=12765783&DirectFrom=OpenOpp&Type=category&BusCatID=29
2026-02-10 14:42:18,813 - WARNING - Failed to parse https://notices.philgeps.gov.ph/GEPSNONPILOT/Tender/SplashBidNoticeAbstractUI.aspx?menuIndex=3&refID=12765783&DirectFrom=OpenOpp&Type=category&BusCatID=29: name 'parse_detail' is not defined
2026-02-10 14:42:19,314 - INFO - Processing 52/111: https://notices.philgeps.gov.ph/GEPSNONPILOT/Tender/SplashBidNoticeAbstractUI.aspx?menuIndex=3&refID=12766117&DirectFrom=OpenOpp&Type=category&BusCatID=29
2026-02-10 14:42:19,314 - WARNING - Failed to parse https://notices.philgeps.gov.ph/GEPSNONPILOT/Tender/SplashBidNoticeAbstractUI.aspx?menuIndex=3&refID=12766117&DirectFrom=OpenOpp&Type=category&BusCatID=29: name 'parse_detail' is not defined
2026-02-10 14:42:19,814 - INFO - Processing 53/111: https://notices.philgeps.gov.ph/GEPSNONPILOT/Tender/SplashBidNoticeAbstractUI.aspx?menuIndex=3&refID=12766206&DirectFrom=OpenOpp&Type=category&BusCatID=29
2026-02-10 14:42:19,814 - WARNING - Failed to parse https://notices.philgeps.gov.ph/GEPSNONPILOT/Tender/SplashBidNoticeAbstractUI.aspx?menuIndex=3&refID=12766206&DirectFrom=OpenOpp&Type=category&BusCatID=29: name 'parse_detail' is not defined
2026-02-10 14:42:20,315 - INFO - Processing 54/111: https://notices.philgeps.gov.ph/GEPSNONPILOT/Tender/SplashBidNoticeAbstractUI.aspx?menuIndex=3&refID=12766775&DirectFrom=OpenOpp&Type=category&BusCatID=29
2026-02-10 14:42:20,315 - WARNING - Failed to parse https://notices.philgeps.gov.ph/GEPSNONPILOT/Tender/SplashBidNoticeAbstractUI.aspx?menuIndex=3&refID=12766775&DirectFrom=OpenOpp&Type=category&BusCatID=29: name 'parse_detail' is not defined
2026-02-10 14:42:20,815 - INFO - Processing 55/111: https://notices.philgeps.gov.ph/GEPSNONPILOT/Tender/SplashBidNoticeAbstractUI.aspx?menuIndex=3&refID=12766852&DirectFrom=OpenOpp&Type=category&BusCatID=29
2026-02-10 14:42:20,815 - WARNING - Failed to parse https://notices.philgeps.gov.ph/GEPSNONPILOT/Tender/SplashBidNoticeAbstractUI.aspx?menuIndex=3&refID=12766852&DirectFrom=OpenOpp&Type=category&BusCatID=29: name 'parse_detail' is not defined
2026-02-10 14:42:21,316 - INFO - Processing 56/111: https://notices.philgeps.gov.ph/GEPSNONPILOT/Tender/SplashBidNoticeAbstractUI.aspx?menuIndex=3&refID=12767092&DirectFrom=OpenOpp&Type=category&BusCatID=29
2026-02-10 14:42:21,316 - WARNING - Failed to parse https://notices.philgeps.gov.ph/GEPSNONPILOT/Tender/SplashBidNoticeAbstractUI.aspx?menuIndex=3&refID=12767092&DirectFrom=OpenOpp&Type=category&BusCatID=29: name 'parse_detail' is not defined
2026-02-10 14:42:21,816 - INFO - Processing 57/111: https://notices.philgeps.gov.ph/GEPSNONPILOT/Tender/SplashBidNoticeAbstractUI.aspx?menuIndex=3&refID=12767127&DirectFrom=OpenOpp&Type=category&BusCatID=29
2026-02-10 14:42:21,816 - WARNING - Failed to parse https://notices.philgeps.gov.ph/GEPSNONPILOT/Tender/SplashBidNoticeAbstractUI.aspx?menuIndex=3&refID=12767127&DirectFrom=OpenOpp&Type=category&BusCatID=29: name 'parse_detail' is not defined
2026-02-10 14:42:22,316 - INFO - Processing 58/111: https://notices.philgeps.gov.ph/GEPSNONPILOT/Tender/SplashBidNoticeAbstractUI.aspx?menuIndex=3&refID=12767143&DirectFrom=OpenOpp&Type=category&BusCatID=29
2026-02-10 14:42:22,317 - WARNING - Failed to parse https://notices.philgeps.gov.ph/GEPSNONPILOT/Tender/SplashBidNoticeAbstractUI.aspx?menuIndex=3&refID=12767143&DirectFrom=OpenOpp&Type=category&BusCatID=29: name 'parse_detail' is not defined
2026-02-10 14:42:22,817 - INFO - Processing 59/111: https://notices.philgeps.gov.ph/GEPSNONPILOT/Tender/SplashBidNoticeAbstractUI.aspx?menuIndex=3&refID=12760900&DirectFrom=OpenOpp&Type=category&BusCatID=29
2026-02-10 14:42:22,817 - WARNING - Failed to parse https://notices.philgeps.gov.ph/GEPSNONPILOT/Tender/SplashBidNoticeAbstractUI.aspx?menuIndex=3&refID=12760900&DirectFrom=OpenOpp&Type=category&BusCatID=29: name 'parse_detail' is not defined
2026-02-10 14:42:23,318 - INFO - Processing 60/111: https://notices.philgeps.gov.ph/GEPSNONPILOT/Tender/SplashBidNoticeAbstractUI.aspx?menuIndex=3&refID=12762327&DirectFrom=OpenOpp&Type=category&BusCatID=29
2026-02-10 14:42:23,318 - WARNING - Failed to parse https://notices.philgeps.gov.ph/GEPSNONPILOT/Tender/SplashBidNoticeAbstractUI.aspx?menuIndex=3&refID=12762327&DirectFrom=OpenOpp&Type=category&BusCatID=29: name 'parse_detail' is not defined
2026-02-10 14:42:23,819 - INFO - Processing 61/111: https://notices.philgeps.gov.ph/GEPSNONPILOT/Tender/SplashBidNoticeAbstractUI.aspx?menuIndex=3&refID=12762534&DirectFrom=OpenOpp&Type=category&BusCatID=29
2026-02-10 14:42:23,819 - WARNING - Failed to parse https://notices.philgeps.gov.ph/GEPSNONPILOT/Tender/SplashBidNoticeAbstractUI.aspx?menuIndex=3&refID=12762534&DirectFrom=OpenOpp&Type=category&BusCatID=29: name 'parse_detail' is not defined
2026-02-10 14:42:24,320 - INFO - Processing 62/111: https://notices.philgeps.gov.ph/GEPSNONPILOT/Tender/SplashBidNoticeAbstractUI.aspx?menuIndex=3&refID=12762755&DirectFrom=OpenOpp&Type=category&BusCatID=29
2026-02-10 14:42:24,320 - WARNING - Failed to parse https://notices.philgeps.gov.ph/GEPSNONPILOT/Tender/SplashBidNoticeAbstractUI.aspx?menuIndex=3&refID=12762755&DirectFrom=OpenOpp&Type=category&BusCatID=29: name 'parse_detail' is not defined
2026-02-10 14:42:24,820 - INFO - Processing 63/111: https://notices.philgeps.gov.ph/GEPSNONPILOT/Tender/SplashBidNoticeAbstractUI.aspx?menuIndex=3&refID=12762839&DirectFrom=OpenOpp&Type=category&BusCatID=29
2026-02-10 14:42:24,820 - WARNING - Failed to parse https://notices.philgeps.gov.ph/GEPSNONPILOT/Tender/SplashBidNoticeAbstractUI.aspx?menuIndex=3&refID=12762839&DirectFrom=OpenOpp&Type=category&BusCatID=29: name 'parse_detail' is not defined
2026-02-10 14:42:25,321 - INFO - Processing 64/111: https://notices.philgeps.gov.ph/GEPSNONPILOT/Tender/SplashBidNoticeAbstractUI.aspx?menuIndex=3&refID=12762851&DirectFrom=OpenOpp&Type=category&BusCatID=29
2026-02-10 14:42:25,321 - WARNING - Failed to parse https://notices.philgeps.gov.ph/GEPSNONPILOT/Tender/SplashBidNoticeAbstractUI.aspx?menuIndex=3&refID=12762851&DirectFrom=OpenOpp&Type=category&BusCatID=29: name 'parse_detail' is not defined
2026-02-10 14:42:25,821 - INFO - Processing 65/111: https://notices.philgeps.gov.ph/GEPSNONPILOT/Tender/SplashBidNoticeAbstractUI.aspx?menuIndex=3&refID=12762973&DirectFrom=OpenOpp&Type=category&BusCatID=29
2026-02-10 14:42:25,821 - WARNING - Failed to parse https://notices.philgeps.gov.ph/GEPSNONPILOT/Tender/SplashBidNoticeAbstractUI.aspx?menuIndex=3&refID=12762973&DirectFrom=OpenOpp&Type=category&BusCatID=29: name 'parse_detail' is not defined
2026-02-10 14:42:26,322 - INFO - Processing 66/111: https://notices.philgeps.gov.ph/GEPSNONPILOT/Tender/SplashBidNoticeAbstractUI.aspx?menuIndex=3&refID=12763251&DirectFrom=OpenOpp&Type=category&BusCatID=29
2026-02-10 14:42:26,322 - WARNING - Failed to parse https://notices.philgeps.gov.ph/GEPSNONPILOT/Tender/SplashBidNoticeAbstractUI.aspx?menuIndex=3&refID=12763251&DirectFrom=OpenOpp&Type=category&BusCatID=29: name 'parse_detail' is not defined
2026-02-10 14:42:26,822 - INFO - Processing 67/111: https://notices.philgeps.gov.ph/GEPSNONPILOT/Tender/SplashBidNoticeAbstractUI.aspx?menuIndex=3&refID=12763300&DirectFrom=OpenOpp&Type=category&BusCatID=29
2026-02-10 14:42:26,822 - WARNING - Failed to parse https://notices.philgeps.gov.ph/GEPSNONPILOT/Tender/SplashBidNoticeAbstractUI.aspx?menuIndex=3&refID=12763300&DirectFrom=OpenOpp&Type=category&BusCatID=29: name 'parse_detail' is not defined
2026-02-10 14:42:27,323 - INFO - Processing 68/111: https://notices.philgeps.gov.ph/GEPSNONPILOT/Tender/SplashBidNoticeAbstractUI.aspx?menuIndex=3&refID=12763707&DirectFrom=OpenOpp&Type=category&BusCatID=29
2026-02-10 14:42:27,323 - WARNING - Failed to parse https://notices.philgeps.gov.ph/GEPSNONPILOT/Tender/SplashBidNoticeAbstractUI.aspx?menuIndex=3&refID=12763707&DirectFrom=OpenOpp&Type=category&BusCatID=29: name 'parse_detail' is not defined
2026-02-10 14:42:27,823 - INFO - Processing 69/111: https://notices.philgeps.gov.ph/GEPSNONPILOT/Tender/SplashBidNoticeAbstractUI.aspx?menuIndex=3&refID=12763828&DirectFrom=OpenOpp&Type=category&BusCatID=29
2026-02-10 14:42:27,823 - WARNING - Failed to parse https://notices.philgeps.gov.ph/GEPSNONPILOT/Tender/SplashBidNoticeAbstractUI.aspx?menuIndex=3&refID=12763828&DirectFrom=OpenOpp&Type=category&BusCatID=29: name 'parse_detail' is not defined
2026-02-10 14:42:28,324 - INFO - Processing 70/111: https://notices.philgeps.gov.ph/GEPSNONPILOT/Tender/SplashBidNoticeAbstractUI.aspx?menuIndex=3&refID=12763965&DirectFrom=OpenOpp&Type=category&BusCatID=29
2026-02-10 14:42:28,324 - WARNING - Failed to parse https://notices.philgeps.gov.ph/GEPSNONPILOT/Tender/SplashBidNoticeAbstractUI.aspx?menuIndex=3&refID=12763965&DirectFrom=OpenOpp&Type=category&BusCatID=29: name 'parse_detail' is not defined
2026-02-10 14:42:28,825 - INFO - Processing 71/111: https://notices.philgeps.gov.ph/GEPSNONPILOT/Tender/SplashBidNoticeAbstractUI.aspx?menuIndex=3&refID=12763966&DirectFrom=OpenOpp&Type=category&BusCatID=29
2026-02-10 14:42:28,825 - WARNING - Failed to parse https://notices.philgeps.gov.ph/GEPSNONPILOT/Tender/SplashBidNoticeAbstractUI.aspx?menuIndex=3&refID=12763966&DirectFrom=OpenOpp&Type=category&BusCatID=29: name 'parse_detail' is not defined
2026-02-10 14:42:29,325 - INFO - Processing 72/111: https://notices.philgeps.gov.ph/GEPSNONPILOT/Tender/SplashBidNoticeAbstractUI.aspx?menuIndex=3&refID=12764013&DirectFrom=OpenOpp&Type=category&BusCatID=29
2026-02-10 14:42:29,325 - WARNING - Failed to parse https://notices.philgeps.gov.ph/GEPSNONPILOT/Tender/SplashBidNoticeAbstractUI.aspx?menuIndex=3&refID=12764013&DirectFrom=OpenOpp&Type=category&BusCatID=29: name 'parse_detail' is not defined
2026-02-10 14:42:29,826 - INFO - Processing 73/111: https://notices.philgeps.gov.ph/GEPSNONPILOT/Tender/SplashBidNoticeAbstractUI.aspx?menuIndex=3&refID=12764265&DirectFrom=OpenOpp&Type=category&BusCatID=29
2026-02-10 14:42:29,826 - WARNING - Failed to parse https://notices.philgeps.gov.ph/GEPSNONPILOT/Tender/SplashBidNoticeAbstractUI.aspx?menuIndex=3&refID=12764265&DirectFrom=OpenOpp&Type=category&BusCatID=29: name 'parse_detail' is not defined
2026-02-10 14:42:30,326 - INFO - Processing 74/111: https://notices.philgeps.gov.ph/GEPSNONPILOT/Tender/SplashBidNoticeAbstractUI.aspx?menuIndex=3&refID=12764317&DirectFrom=OpenOpp&Type=category&BusCatID=29
2026-02-10 14:42:30,326 - WARNING - Failed to parse https://notices.philgeps.gov.ph/GEPSNONPILOT/Tender/SplashBidNoticeAbstractUI.aspx?menuIndex=3&refID=12764317&DirectFrom=OpenOpp&Type=category&BusCatID=29: name 'parse_detail' is not defined
2026-02-10 14:42:30,828 - INFO - Processing 75/111: https://notices.philgeps.gov.ph/GEPSNONPILOT/Tender/SplashBidNoticeAbstractUI.aspx?menuIndex=3&refID=12764387&DirectFrom=OpenOpp&Type=category&BusCatID=29
2026-02-10 14:42:30,828 - WARNING - Failed to parse https://notices.philgeps.gov.ph/GEPSNONPILOT/Tender/SplashBidNoticeAbstractUI.aspx?menuIndex=3&refID=12764387&DirectFrom=OpenOpp&Type=category&BusCatID=29: name 'parse_detail' is not defined
2026-02-10 14:42:31,328 - INFO - Processing 76/111: https://notices.philgeps.gov.ph/GEPSNONPILOT/Tender/SplashBidNoticeAbstractUI.aspx?menuIndex=3&refID=12764423&DirectFrom=OpenOpp&Type=category&BusCatID=29
2026-02-10 14:42:31,328 - WARNING - Failed to parse https://notices.philgeps.gov.ph/GEPSNONPILOT/Tender/SplashBidNoticeAbstractUI.aspx?menuIndex=3&refID=12764423&DirectFrom=OpenOpp&Type=category&BusCatID=29: name 'parse_detail' is not defined
2026-02-10 14:42:31,829 - INFO - Processing 77/111: https://notices.philgeps.gov.ph/GEPSNONPILOT/Tender/SplashBidNoticeAbstractUI.aspx?menuIndex=3&refID=12764999&DirectFrom=OpenOpp&Type=category&BusCatID=29
2026-02-10 14:42:31,829 - WARNING - Failed to parse https://notices.philgeps.gov.ph/GEPSNONPILOT/Tender/SplashBidNoticeAbstractUI.aspx?menuIndex=3&refID=12764999&DirectFrom=OpenOpp&Type=category&BusCatID=29: name 'parse_detail' is not defined
2026-02-10 14:42:32,329 - INFO - Processing 78/111: https://notices.philgeps.gov.ph/GEPSNONPILOT/Tender/SplashBidNoticeAbstractUI.aspx?menuIndex=3&refID=12759118&DirectFrom=OpenOpp&Type=category&BusCatID=29
2026-02-10 14:42:32,329 - WARNING - Failed to parse https://notices.philgeps.gov.ph/GEPSNONPILOT/Tender/SplashBidNoticeAbstractUI.aspx?menuIndex=3&refID=12759118&DirectFrom=OpenOpp&Type=category&BusCatID=29: name 'parse_detail' is not defined
2026-02-10 14:42:32,830 - INFO - Processing 79/111: https://notices.philgeps.gov.ph/GEPSNONPILOT/Tender/SplashBidNoticeAbstractUI.aspx?menuIndex=3&refID=12759274&DirectFrom=OpenOpp&Type=category&BusCatID=29
2026-02-10 14:42:32,830 - WARNING - Failed to parse https://notices.philgeps.gov.ph/GEPSNONPILOT/Tender/SplashBidNoticeAbstractUI.aspx?menuIndex=3&refID=12759274&DirectFrom=OpenOpp&Type=category&BusCatID=29: name 'parse_detail' is not defined
2026-02-10 14:42:33,331 - INFO - Processing 80/111: https://notices.philgeps.gov.ph/GEPSNONPILOT/Tender/SplashBidNoticeAbstractUI.aspx?menuIndex=3&refID=12759869&DirectFrom=OpenOpp&Type=category&BusCatID=29
2026-02-10 14:42:33,331 - WARNING - Failed to parse https://notices.philgeps.gov.ph/GEPSNONPILOT/Tender/SplashBidNoticeAbstractUI.aspx?menuIndex=3&refID=12759869&DirectFrom=OpenOpp&Type=category&BusCatID=29: name 'parse_detail' is not defined
2026-02-10 14:42:33,831 - INFO - Processing 81/111: https://notices.philgeps.gov.ph/GEPSNONPILOT/Tender/SplashBidNoticeAbstractUI.aspx?menuIndex=3&refID=12759920&DirectFrom=OpenOpp&Type=category&BusCatID=29
2026-02-10 14:42:33,831 - WARNING - Failed to parse https://notices.philgeps.gov.ph/GEPSNONPILOT/Tender/SplashBidNoticeAbstractUI.aspx?menuIndex=3&refID=12759920&DirectFrom=OpenOpp&Type=category&BusCatID=29: name 'parse_detail' is not defined
2026-02-10 14:42:34,332 - INFO - Processing 82/111: https://notices.philgeps.gov.ph/GEPSNONPILOT/Tender/SplashBidNoticeAbstractUI.aspx?menuIndex=3&refID=12759984&DirectFrom=OpenOpp&Type=category&BusCatID=29
2026-02-10 14:42:34,332 - WARNING - Failed to parse https://notices.philgeps.gov.ph/GEPSNONPILOT/Tender/SplashBidNoticeAbstractUI.aspx?menuIndex=3&refID=12759984&DirectFrom=OpenOpp&Type=category&BusCatID=29: name 'parse_detail' is not defined
2026-02-10 14:42:34,833 - INFO - Processing 83/111: https://notices.philgeps.gov.ph/GEPSNONPILOT/Tender/SplashBidNoticeAbstractUI.aspx?menuIndex=3&refID=12760172&DirectFrom=OpenOpp&Type=category&BusCatID=29
2026-02-10 14:42:34,833 - WARNING - Failed to parse https://notices.philgeps.gov.ph/GEPSNONPILOT/Tender/SplashBidNoticeAbstractUI.aspx?menuIndex=3&refID=12760172&DirectFrom=OpenOpp&Type=category&BusCatID=29: name 'parse_detail' is not defined
2026-02-10 14:42:35,333 - INFO - Processing 84/111: https://notices.philgeps.gov.ph/GEPSNONPILOT/Tender/SplashBidNoticeAbstractUI.aspx?menuIndex=3&refID=12760667&DirectFrom=OpenOpp&Type=category&BusCatID=29
2026-02-10 14:42:35,333 - WARNING - Failed to parse https://notices.philgeps.gov.ph/GEPSNONPILOT/Tender/SplashBidNoticeAbstractUI.aspx?menuIndex=3&refID=12760667&DirectFrom=OpenOpp&Type=category&BusCatID=29: name 'parse_detail' is not defined
2026-02-10 14:42:35,834 - INFO - Processing 85/111: https://notices.philgeps.gov.ph/GEPSNONPILOT/Tender/SplashBidNoticeAbstractUI.aspx?menuIndex=3&refID=12760951&DirectFrom=OpenOpp&Type=category&BusCatID=29
2026-02-10 14:42:35,834 - WARNING - Failed to parse https://notices.philgeps.gov.ph/GEPSNONPILOT/Tender/SplashBidNoticeAbstractUI.aspx?menuIndex=3&refID=12760951&DirectFrom=OpenOpp&Type=category&BusCatID=29: name 'parse_detail' is not defined
2026-02-10 14:42:36,334 - INFO - Processing 86/111: https://notices.philgeps.gov.ph/GEPSNONPILOT/Tender/SplashBidNoticeAbstractUI.aspx?menuIndex=3&refID=12761036&DirectFrom=OpenOpp&Type=category&BusCatID=29
2026-02-10 14:42:36,334 - WARNING - Failed to parse https://notices.philgeps.gov.ph/GEPSNONPILOT/Tender/SplashBidNoticeAbstractUI.aspx?menuIndex=3&refID=12761036&DirectFrom=OpenOpp&Type=category&BusCatID=29: name 'parse_detail' is not defined
2026-02-10 14:42:36,835 - INFO - Processing 87/111: https://notices.philgeps.gov.ph/GEPSNONPILOT/Tender/SplashBidNoticeAbstractUI.aspx?menuIndex=3&refID=12761239&DirectFrom=OpenOpp&Type=category&BusCatID=29
2026-02-10 14:42:36,835 - WARNING - Failed to parse https://notices.philgeps.gov.ph/GEPSNONPILOT/Tender/SplashBidNoticeAbstractUI.aspx?menuIndex=3&refID=12761239&DirectFrom=OpenOpp&Type=category&BusCatID=29: name 'parse_detail' is not defined
2026-02-10 14:42:37,335 - INFO - Processing 88/111: https://notices.philgeps.gov.ph/GEPSNONPILOT/Tender/SplashBidNoticeAbstractUI.aspx?menuIndex=3&refID=12761280&DirectFrom=OpenOpp&Type=category&BusCatID=29
2026-02-10 14:42:37,336 - WARNING - Failed to parse https://notices.philgeps.gov.ph/GEPSNONPILOT/Tender/SplashBidNoticeAbstractUI.aspx?menuIndex=3&refID=12761280&DirectFrom=OpenOpp&Type=category&BusCatID=29: name 'parse_detail' is not defined
2026-02-10 14:42:37,836 - INFO - Processing 89/111: https://notices.philgeps.gov.ph/GEPSNONPILOT/Tender/SplashBidNoticeAbstractUI.aspx?menuIndex=3&refID=12756135&DirectFrom=OpenOpp&Type=category&BusCatID=29
2026-02-10 14:42:37,836 - WARNING - Failed to parse https://notices.philgeps.gov.ph/GEPSNONPILOT/Tender/SplashBidNoticeAbstractUI.aspx?menuIndex=3&refID=12756135&DirectFrom=OpenOpp&Type=category&BusCatID=29: name 'parse_detail' is not defined
2026-02-10 14:42:38,336 - INFO - Processing 90/111: https://notices.philgeps.gov.ph/GEPSNONPILOT/Tender/SplashBidNoticeAbstractUI.aspx?menuIndex=3&refID=12756571&DirectFrom=OpenOpp&Type=category&BusCatID=29
2026-02-10 14:42:38,337 - WARNING - Failed to parse https://notices.philgeps.gov.ph/GEPSNONPILOT/Tender/SplashBidNoticeAbstractUI.aspx?menuIndex=3&refID=12756571&DirectFrom=OpenOpp&Type=category&BusCatID=29: name 'parse_detail' is not defined
2026-02-10 14:42:38,837 - INFO - Processing 91/111: https://notices.philgeps.gov.ph/GEPSNONPILOT/Tender/SplashBidNoticeAbstractUI.aspx?menuIndex=3&refID=12758235&DirectFrom=OpenOpp&Type=category&BusCatID=29
2026-02-10 14:42:38,837 - WARNING - Failed to parse https://notices.philgeps.gov.ph/GEPSNONPILOT/Tender/SplashBidNoticeAbstractUI.aspx?menuIndex=3&refID=12758235&DirectFrom=OpenOpp&Type=category&BusCatID=29: name 'parse_detail' is not defined
2026-02-10 14:42:39,338 - INFO - Processing 92/111: https://notices.philgeps.gov.ph/GEPSNONPILOT/Tender/SplashBidNoticeAbstractUI.aspx?menuIndex=3&refID=12758238&DirectFrom=OpenOpp&Type=category&BusCatID=29
2026-02-10 14:42:39,338 - WARNING - Failed to parse https://notices.philgeps.gov.ph/GEPSNONPILOT/Tender/SplashBidNoticeAbstractUI.aspx?menuIndex=3&refID=12758238&DirectFrom=OpenOpp&Type=category&BusCatID=29: name 'parse_detail' is not defined
2026-02-10 14:42:39,838 - INFO - Processing 93/111: https://notices.philgeps.gov.ph/GEPSNONPILOT/Tender/SplashBidNoticeAbstractUI.aspx?menuIndex=3&refID=12758446&DirectFrom=OpenOpp&Type=category&BusCatID=29
2026-02-10 14:42:39,839 - WARNING - Failed to parse https://notices.philgeps.gov.ph/GEPSNONPILOT/Tender/SplashBidNoticeAbstractUI.aspx?menuIndex=3&refID=12758446&DirectFrom=OpenOpp&Type=category&BusCatID=29: name 'parse_detail' is not defined
2026-02-10 14:42:40,339 - INFO - Processing 94/111: https://notices.philgeps.gov.ph/GEPSNONPILOT/Tender/SplashBidNoticeAbstractUI.aspx?menuIndex=3&refID=12758819&DirectFrom=OpenOpp&Type=category&BusCatID=29
2026-02-10 14:42:40,339 - WARNING - Failed to parse https://notices.philgeps.gov.ph/GEPSNONPILOT/Tender/SplashBidNoticeAbstractUI.aspx?menuIndex=3&refID=12758819&DirectFrom=OpenOpp&Type=category&BusCatID=29: name 'parse_detail' is not defined
2026-02-10 14:42:40,840 - INFO - Processing 95/111: https://notices.philgeps.gov.ph/GEPSNONPILOT/Tender/SplashBidNoticeAbstractUI.aspx?menuIndex=3&refID=12754918&DirectFrom=OpenOpp&Type=category&BusCatID=29
2026-02-10 14:42:40,840 - WARNING - Failed to parse https://notices.philgeps.gov.ph/GEPSNONPILOT/Tender/SplashBidNoticeAbstractUI.aspx?menuIndex=3&refID=12754918&DirectFrom=OpenOpp&Type=category&BusCatID=29: name 'parse_detail' is not defined
2026-02-10 14:42:41,340 - INFO - Processing 96/111: https://notices.philgeps.gov.ph/GEPSNONPILOT/Tender/SplashBidNoticeAbstractUI.aspx?menuIndex=3&refID=12755128&DirectFrom=OpenOpp&Type=category&BusCatID=29
2026-02-10 14:42:41,340 - WARNING - Failed to parse https://notices.philgeps.gov.ph/GEPSNONPILOT/Tender/SplashBidNoticeAbstractUI.aspx?menuIndex=3&refID=12755128&DirectFrom=OpenOpp&Type=category&BusCatID=29: name 'parse_detail' is not defined
2026-02-10 14:42:41,840 - INFO - Processing 97/111: https://notices.philgeps.gov.ph/GEPSNONPILOT/Tender/SplashBidNoticeAbstractUI.aspx?menuIndex=3&refID=12755165&DirectFrom=OpenOpp&Type=category&BusCatID=29
2026-02-10 14:42:41,840 - WARNING - Failed to parse https://notices.philgeps.gov.ph/GEPSNONPILOT/Tender/SplashBidNoticeAbstractUI.aspx?menuIndex=3&refID=12755165&DirectFrom=OpenOpp&Type=category&BusCatID=29: name 'parse_detail' is not defined
2026-02-10 14:42:42,341 - INFO - Processing 98/111: https://notices.philgeps.gov.ph/GEPSNONPILOT/Tender/SplashBidNoticeAbstractUI.aspx?menuIndex=3&refID=12755532&DirectFrom=OpenOpp&Type=category&BusCatID=29
2026-02-10 14:42:42,341 - WARNING - Failed to parse https://notices.philgeps.gov.ph/GEPSNONPILOT/Tender/SplashBidNoticeAbstractUI.aspx?menuIndex=3&refID=12755532&DirectFrom=OpenOpp&Type=category&BusCatID=29: name 'parse_detail' is not defined
2026-02-10 14:42:42,842 - INFO - Processing 99/111: https://notices.philgeps.gov.ph/GEPSNONPILOT/Tender/SplashBidNoticeAbstractUI.aspx?menuIndex=3&refID=12755753&DirectFrom=OpenOpp&Type=category&BusCatID=29
2026-02-10 14:42:42,842 - WARNING - Failed to parse https://notices.philgeps.gov.ph/GEPSNONPILOT/Tender/SplashBidNoticeAbstractUI.aspx?menuIndex=3&refID=12755753&DirectFrom=OpenOpp&Type=category&BusCatID=29: name 'parse_detail' is not defined
2026-02-10 14:42:43,342 - INFO - Processing 100/111: https://notices.philgeps.gov.ph/GEPSNONPILOT/Tender/SplashBidNoticeAbstractUI.aspx?menuIndex=3&refID=12755763&DirectFrom=OpenOpp&Type=category&BusCatID=29
2026-02-10 14:42:43,342 - WARNING - Failed to parse https://notices.philgeps.gov.ph/GEPSNONPILOT/Tender/SplashBidNoticeAbstractUI.aspx?menuIndex=3&refID=12755763&DirectFrom=OpenOpp&Type=category&BusCatID=29: name 'parse_detail' is not defined
2026-02-10 14:42:43,843 - INFO - Processing 101/111: https://notices.philgeps.gov.ph/GEPSNONPILOT/Tender/SplashBidNoticeAbstractUI.aspx?menuIndex=3&refID=12747535&DirectFrom=OpenOpp&Type=category&BusCatID=29
2026-02-10 14:42:43,843 - WARNING - Failed to parse https://notices.philgeps.gov.ph/GEPSNONPILOT/Tender/SplashBidNoticeAbstractUI.aspx?menuIndex=3&refID=12747535&DirectFrom=OpenOpp&Type=category&BusCatID=29: name 'parse_detail' is not defined
2026-02-10 14:42:44,343 - INFO - Processing 102/111: https://notices.philgeps.gov.ph/GEPSNONPILOT/Tender/SplashBidNoticeAbstractUI.aspx?menuIndex=3&refID=12747575&DirectFrom=OpenOpp&Type=category&BusCatID=29
2026-02-10 14:42:44,343 - WARNING - Failed to parse https://notices.philgeps.gov.ph/GEPSNONPILOT/Tender/SplashBidNoticeAbstractUI.aspx?menuIndex=3&refID=12747575&DirectFrom=OpenOpp&Type=category&BusCatID=29: name 'parse_detail' is not defined
2026-02-10 14:42:44,844 - INFO - Processing 103/111: https://notices.philgeps.gov.ph/GEPSNONPILOT/Tender/SplashBidNoticeAbstractUI.aspx?menuIndex=3&refID=12752732&DirectFrom=OpenOpp&Type=category&BusCatID=29
2026-02-10 14:42:44,844 - WARNING - Failed to parse https://notices.philgeps.gov.ph/GEPSNONPILOT/Tender/SplashBidNoticeAbstractUI.aspx?menuIndex=3&refID=12752732&DirectFrom=OpenOpp&Type=category&BusCatID=29: name 'parse_detail' is not defined
2026-02-10 14:42:45,344 - INFO - Processing 104/111: https://notices.philgeps.gov.ph/GEPSNONPILOT/Tender/SplashBidNoticeAbstractUI.aspx?menuIndex=3&refID=12748408&DirectFrom=OpenOpp&Type=category&BusCatID=29
2026-02-10 14:42:45,344 - WARNING - Failed to parse https://notices.philgeps.gov.ph/GEPSNONPILOT/Tender/SplashBidNoticeAbstractUI.aspx?menuIndex=3&refID=12748408&DirectFrom=OpenOpp&Type=category&BusCatID=29: name 'parse_detail' is not defined
2026-02-10 14:42:45,845 - INFO - Processing 105/111: https://notices.philgeps.gov.ph/GEPSNONPILOT/Tender/SplashBidNoticeAbstractUI.aspx?menuIndex=3&refID=12745179&DirectFrom=OpenOpp&Type=category&BusCatID=29
2026-02-10 14:42:45,845 - WARNING - Failed to parse https://notices.philgeps.gov.ph/GEPSNONPILOT/Tender/SplashBidNoticeAbstractUI.aspx?menuIndex=3&refID=12745179&DirectFrom=OpenOpp&Type=category&BusCatID=29: name 'parse_detail' is not defined
2026-02-10 14:42:46,346 - INFO - Processing 106/111: https://notices.philgeps.gov.ph/GEPSNONPILOT/Tender/SplashBidNoticeAbstractUI.aspx?menuIndex=3&refID=12745834&DirectFrom=OpenOpp&Type=category&BusCatID=29
2026-02-10 14:42:46,346 - WARNING - Failed to parse https://notices.philgeps.gov.ph/GEPSNONPILOT/Tender/SplashBidNoticeAbstractUI.aspx?menuIndex=3&refID=12745834&DirectFrom=OpenOpp&Type=category&BusCatID=29: name 'parse_detail' is not defined
2026-02-10 14:42:46,846 - INFO - Processing 107/111: https://notices.philgeps.gov.ph/GEPSNONPILOT/Tender/SplashBidNoticeAbstractUI.aspx?menuIndex=3&refID=12736638&DirectFrom=OpenOpp&Type=category&BusCatID=29
2026-02-10 14:42:46,846 - WARNING - Failed to parse https://notices.philgeps.gov.ph/GEPSNONPILOT/Tender/SplashBidNoticeAbstractUI.aspx?menuIndex=3&refID=12736638&DirectFrom=OpenOpp&Type=category&BusCatID=29: name 'parse_detail' is not defined
2026-02-10 14:42:47,347 - INFO - Processing 108/111: https://notices.philgeps.gov.ph/GEPSNONPILOT/Tender/SplashBidNoticeAbstractUI.aspx?menuIndex=3&refID=12736648&DirectFrom=OpenOpp&Type=category&BusCatID=29
2026-02-10 14:42:47,347 - WARNING - Failed to parse https://notices.philgeps.gov.ph/GEPSNONPILOT/Tender/SplashBidNoticeAbstractUI.aspx?menuIndex=3&refID=12736648&DirectFrom=OpenOpp&Type=category&BusCatID=29: name 'parse_detail' is not defined
2026-02-10 14:42:47,847 - INFO - Processing 109/111: https://notices.philgeps.gov.ph/GEPSNONPILOT/Tender/SplashBidNoticeAbstractUI.aspx?menuIndex=3&refID=12740719&DirectFrom=OpenOpp&Type=category&BusCatID=29
2026-02-10 14:42:47,847 - WARNING - Failed to parse https://notices.philgeps.gov.ph/GEPSNONPILOT/Tender/SplashBidNoticeAbstractUI.aspx?menuIndex=3&refID=12740719&DirectFrom=OpenOpp&Type=category&BusCatID=29: name 'parse_detail' is not defined
2026-02-10 14:42:48,347 - INFO - Processing 110/111: https://notices.philgeps.gov.ph/GEPSNONPILOT/Tender/SplashBidNoticeAbstractUI.aspx?menuIndex=3&refID=12741104&DirectFrom=OpenOpp&Type=category&BusCatID=29
2026-02-10 14:42:48,347 - WARNING - Failed to parse https://notices.philgeps.gov.ph/GEPSNONPILOT/Tender/SplashBidNoticeAbstractUI.aspx?menuIndex=3&refID=12741104&DirectFrom=OpenOpp&Type=category&BusCatID=29: name 'parse_detail' is not defined
2026-02-10 14:42:48,847 - INFO - Processing 111/111: https://notices.philgeps.gov.ph/GEPSNONPILOT/Tender/SplashBidNoticeAbstractUI.aspx?menuIndex=3&refID=12737791&DirectFrom=OpenOpp&Type=category&BusCatID=29
2026-02-10 14:42:48,848 - WARNING - Failed to parse https://notices.philgeps.gov.ph/GEPSNONPILOT/Tender/SplashBidNoticeAbstractUI.aspx?menuIndex=3&refID=12737791&DirectFrom=OpenOpp&Type=category&BusCatID=29: name 'parse_detail' is not defined
No rows scraped. Try increasing limit or re-running.

2026-02-10 14:42:49,396 - ERROR - Scraper failed with code 1
