2026-02-10 14:33:18,826 - INFO - Pipeline started at 2026-02-10 14:33:18.826384
2026-02-10 14:33:18,826 - INFO - Validating environment...
2026-02-10 14:33:18,826 - INFO - Environment validation completed.
2026-02-10 14:33:18,827 - INFO - === RUNNING SCRAPER ===
2026-02-10 14:33:18,827 - INFO - Running command: C:\Users\OPTIMA\AppData\Local\Python\pythoncore-3.14-64\python.exe C:\Users\OPTIMA\Documents\IT\PROJECTS\Philgeps ScraperV2\final_working_scraper.py --output output/raw/philgeps_final_working.csv --delay 0.5
2026-02-10 14:33:48,019 - INFO - Starting final working scraper to collect all 148+ entries...
Navigating to: https://notices.philgeps.gov.ph/GEPSNONPILOT/Tender/SplashOpportunitiesSearchUI.aspx?menuIndex=3&BusCatID=29&type=category&ClickFrom=OpenOpp
Processing page 1...
Found 20 NEW links on page 1
Total unique links so far: 20
Clicking Next button for page 2
Processing page 2...
Found 20 NEW links on page 2
Total unique links so far: 40
Clicking Next button for page 3
Processing page 3...
Found 20 NEW links on page 3
Total unique links so far: 60
Clicking Next button for page 4
Processing page 4...
Found 20 NEW links on page 4
Total unique links so far: 80
Clicking Next button for page 5
Processing page 5...
Found 20 NEW links on page 5
Total unique links so far: 100
Clicking Next button for page 6
Processing page 6...
Found 11 NEW links on page 6
Total unique links so far: 111
Clicking Next button for page 7
Processing page 7...
Found 0 NEW links on page 7
Total unique links so far: 111

2026-02-10 14:33:48,020 - WARNING - Traceback (most recent call last):
  File "C:\Users\OPTIMA\Documents\IT\PROJECTS\Philgeps ScraperV2\final_working_scraper.py", line 447, in <module>
    detail_urls = collect_detail_links()
  File "C:\Users\OPTIMA\Documents\IT\PROJECTS\Philgeps ScraperV2\final_working_scraper.py", line 179, in collect_detail_links
    print(f"\u26a0\ufe0f  No new links found on page {page_count}. Page might not have changed.")
    ~~~~~^^^^^^^^^^^^^^^^^^^^^^^^^^^^^^^^^^^^^^^^^^^^^^^^^^^^^^^^^^^^^^^^^^^^^^^^^^^^^^
  File "C:\Users\OPTIMA\AppData\Local\Python\pythoncore-3.14-64\Lib\encodings\cp1252.py", line 19, in encode
    return codecs.charmap_encode(input,self.errors,encoding_table)[0]
           ~~~~~~~~~~~~~~~~~~~~~^^^^^^^^^^^^^^^^^^^^^^^^^^^^^^^^^^
UnicodeEncodeError: 'charmap' codec can't encode characters in position 0-1: character maps to <undefined>

2026-02-10 14:33:48,021 - ERROR - Scraper failed with code 1
